<?xml version="1.0" ?>
<coverage version="7.6.4" timestamp="1744131280866" lines-valid="2537" lines-covered="1437" line-rate="0.5664" branches-valid="658" branches-covered="239" branch-rate="0.3632" complexity="0">
	<!-- Generated by coverage.py: https://coverage.readthedocs.io/en/7.6.4 -->
	<!-- Based on https://raw.githubusercontent.com/cobertura/web/master/htdocs/xml/coverage-04.dtd -->
	<sources>
		<source>/mnt/noc/code/paidiver/paidiverpy/src/paidiverpy</source>
	</sources>
	<packages>
		<package name="." line-rate="0.4903" branch-rate="0.2115" complexity="0">
			<classes>
				<class name="__init__.py" filename="__init__.py" complexity="0" line-rate="1" branch-rate="1">
					<methods/>
					<lines>
						<line number="3" hits="1"/>
						<line number="4" hits="1"/>
						<line number="5" hits="1"/>
						<line number="6" hits="1"/>
						<line number="8" hits="1"/>
					</lines>
				</class>
				<class name="images_layer.py" filename="images_layer.py" complexity="0" line-rate="0.335" branch-rate="0.07353">
					<methods/>
					<lines>
						<line number="3" hits="1"/>
						<line number="4" hits="1"/>
						<line number="5" hits="1"/>
						<line number="6" hits="1"/>
						<line number="7" hits="1"/>
						<line number="8" hits="1"/>
						<line number="9" hits="1"/>
						<line number="10" hits="1"/>
						<line number="11" hits="1"/>
						<line number="12" hits="1"/>
						<line number="13" hits="1"/>
						<line number="14" hits="1"/>
						<line number="15" hits="1"/>
						<line number="16" hits="1"/>
						<line number="17" hits="1"/>
						<line number="18" hits="1"/>
						<line number="19" hits="1"/>
						<line number="20" hits="1"/>
						<line number="21" hits="1"/>
						<line number="22" hits="1"/>
						<line number="23" hits="1"/>
						<line number="24" hits="1"/>
						<line number="25" hits="1"/>
						<line number="26" hits="1"/>
						<line number="27" hits="1"/>
						<line number="29" hits="1"/>
						<line number="32" hits="1"/>
						<line number="39" hits="1"/>
						<line number="40" hits="1"/>
						<line number="41" hits="1"/>
						<line number="42" hits="1"/>
						<line number="43" hits="1"/>
						<line number="44" hits="1"/>
						<line number="45" hits="1"/>
						<line number="47" hits="1"/>
						<line number="68" hits="1" branch="true" condition-coverage="100% (2/2)"/>
						<line number="69" hits="1"/>
						<line number="70" hits="1"/>
						<line number="71" hits="1"/>
						<line number="72" hits="1" branch="true" condition-coverage="50% (1/2)" missing-branches="73"/>
						<line number="73" hits="0"/>
						<line number="74" hits="0"/>
						<line number="75" hits="0"/>
						<line number="76" hits="1"/>
						<line number="78" hits="1" branch="true" condition-coverage="50% (1/2)" missing-branches="79"/>
						<line number="79" hits="0"/>
						<line number="80" hits="0"/>
						<line number="81" hits="0"/>
						<line number="82" hits="1"/>
						<line number="83" hits="1"/>
						<line number="84" hits="1"/>
						<line number="85" hits="1"/>
						<line number="86" hits="1"/>
						<line number="88" hits="1"/>
						<line number="94" hits="1"/>
						<line number="95" hits="1"/>
						<line number="96" hits="1"/>
						<line number="98" hits="1"/>
						<line number="112" hits="1" branch="true" condition-coverage="50% (1/2)" missing-branches="113"/>
						<line number="113" hits="0"/>
						<line number="114" hits="1"/>
						<line number="116" hits="1"/>
						<line number="122" hits="0"/>
						<line number="124" hits="1"/>
						<line number="147" hits="0"/>
						<line number="148" hits="0"/>
						<line number="149" hits="0"/>
						<line number="151" hits="0"/>
						<line number="152" hits="0" branch="true" condition-coverage="0% (0/2)" missing-branches="153,155"/>
						<line number="153" hits="0"/>
						<line number="155" hits="0"/>
						<line number="157" hits="1"/>
						<line number="178" hits="0"/>
						<line number="179" hits="0"/>
						<line number="180" hits="0"/>
						<line number="181" hits="0" branch="true" condition-coverage="0% (0/2)" missing-branches="182,190"/>
						<line number="182" hits="0"/>
						<line number="183" hits="0"/>
						<line number="187" hits="0"/>
						<line number="188" hits="0"/>
						<line number="189" hits="0"/>
						<line number="190" hits="0" branch="true" condition-coverage="0% (0/2)" missing-branches="191,199"/>
						<line number="191" hits="0"/>
						<line number="192" hits="0"/>
						<line number="196" hits="0"/>
						<line number="197" hits="0"/>
						<line number="199" hits="0"/>
						<line number="200" hits="0" branch="true" condition-coverage="0% (0/2)" missing-branches="exit,201"/>
						<line number="201" hits="0"/>
						<line number="202" hits="0"/>
						<line number="204" hits="1"/>
						<line number="225" hits="0" branch="true" condition-coverage="0% (0/2)" missing-branches="226,234"/>
						<line number="226" hits="0"/>
						<line number="227" hits="0"/>
						<line number="231" hits="0"/>
						<line number="232" hits="0"/>
						<line number="233" hits="0"/>
						<line number="234" hits="0" branch="true" condition-coverage="0% (0/2)" missing-branches="235,243"/>
						<line number="235" hits="0"/>
						<line number="236" hits="0"/>
						<line number="240" hits="0"/>
						<line number="241" hits="0"/>
						<line number="243" hits="0"/>
						<line number="244" hits="0" branch="true" condition-coverage="0% (0/2)" missing-branches="exit,246"/>
						<line number="246" hits="0"/>
						<line number="247" hits="0"/>
						<line number="249" hits="1"/>
						<line number="258" hits="0"/>
						<line number="259" hits="0"/>
						<line number="260" hits="0" branch="true" condition-coverage="0% (0/2)" missing-branches="261,274"/>
						<line number="261" hits="0" branch="true" condition-coverage="0% (0/2)" missing-branches="262,271"/>
						<line number="262" hits="0" branch="true" condition-coverage="0% (0/2)" missing-branches="263,269"/>
						<line number="263" hits="0"/>
						<line number="264" hits="0"/>
						<line number="265" hits="0"/>
						<line number="266" hits="0"/>
						<line number="267" hits="0"/>
						<line number="269" hits="0"/>
						<line number="271" hits="0"/>
						<line number="272" hits="0"/>
						<line number="274" hits="0" branch="true" condition-coverage="0% (0/2)" missing-branches="275,284"/>
						<line number="275" hits="0" branch="true" condition-coverage="0% (0/2)" missing-branches="276,280"/>
						<line number="276" hits="0"/>
						<line number="277" hits="0"/>
						<line number="278" hits="0"/>
						<line number="280" hits="0"/>
						<line number="284" hits="0"/>
						<line number="285" hits="0"/>
						<line number="287" hits="1"/>
						<line number="296" hits="0" branch="true" condition-coverage="0% (0/2)" missing-branches="297,299"/>
						<line number="297" hits="0"/>
						<line number="298" hits="0"/>
						<line number="299" hits="0" branch="true" condition-coverage="0% (0/2)" missing-branches="300,303"/>
						<line number="300" hits="0"/>
						<line number="301" hits="0"/>
						<line number="303" hits="0"/>
						<line number="304" hits="0"/>
						<line number="305" hits="0"/>
						<line number="307" hits="1"/>
						<line number="313" hits="0"/>
						<line number="314" hits="0" branch="true" condition-coverage="0% (0/2)" missing-branches="315,316"/>
						<line number="315" hits="0"/>
						<line number="316" hits="0"/>
						<line number="317" hits="0" branch="true" condition-coverage="0% (0/2)" missing-branches="exit,318"/>
						<line number="318" hits="0" branch="true" condition-coverage="0% (0/2)" missing-branches="exit,319"/>
						<line number="319" hits="0"/>
						<line number="334" hits="1"/>
						<line number="340" hits="0"/>
						<line number="342" hits="1"/>
						<line number="352" hits="0" branch="true" condition-coverage="0% (0/2)" missing-branches="353,354"/>
						<line number="353" hits="0"/>
						<line number="354" hits="0"/>
						<line number="356" hits="1"/>
						<line number="370" hits="0"/>
						<line number="447" hits="0" branch="true" condition-coverage="0% (0/2)" missing-branches="450,478"/>
						<line number="450" hits="0"/>
						<line number="456" hits="0"/>
						<line number="457" hits="0" branch="true" condition-coverage="0% (0/2)" missing-branches="458,460"/>
						<line number="458" hits="0"/>
						<line number="460" hits="0"/>
						<line number="461" hits="0"/>
						<line number="462" hits="0"/>
						<line number="463" hits="0" branch="true" condition-coverage="0% (0/2)" missing-branches="464,467"/>
						<line number="464" hits="0"/>
						<line number="465" hits="0"/>
						<line number="467" hits="0"/>
						<line number="469" hits="0" branch="true" condition-coverage="0% (0/2)" missing-branches="470,476"/>
						<line number="470" hits="0"/>
						<line number="476" hits="0"/>
						<line number="477" hits="0"/>
						<line number="478" hits="0"/>
						<line number="480" hits="1"/>
						<line number="487" hits="0"/>
						<line number="488" hits="0"/>
						<line number="495" hits="0" branch="true" condition-coverage="0% (0/2)" missing-branches="496,502"/>
						<line number="496" hits="0"/>
						<line number="502" hits="0"/>
						<line number="507" hits="0"/>
						<line number="509" hits="1"/>
						<line number="510" hits="1"/>
						<line number="523" hits="0" branch="true" condition-coverage="0% (0/2)" missing-branches="524,525"/>
						<line number="524" hits="0"/>
						<line number="525" hits="0" branch="true" condition-coverage="0% (0/2)" missing-branches="526,527"/>
						<line number="526" hits="0"/>
						<line number="527" hits="0" branch="true" condition-coverage="0% (0/2)" missing-branches="528,529"/>
						<line number="528" hits="0"/>
						<line number="529" hits="0" branch="true" condition-coverage="0% (0/2)" missing-branches="530,531"/>
						<line number="530" hits="0"/>
						<line number="531" hits="0" branch="true" condition-coverage="0% (0/2)" missing-branches="532,537"/>
						<line number="532" hits="0" branch="true" condition-coverage="0% (0/2)" missing-branches="533,535"/>
						<line number="533" hits="0"/>
						<line number="535" hits="0"/>
						<line number="537" hits="0"/>
						<line number="538" hits="0" branch="true" condition-coverage="0% (0/2)" missing-branches="539,540"/>
						<line number="539" hits="0"/>
						<line number="540" hits="0"/>
						<line number="541" hits="0"/>
						<line number="542" hits="0"/>
						<line number="543" hits="0"/>
						<line number="544" hits="0"/>
					</lines>
				</class>
				<class name="paidiverpy.py" filename="paidiverpy.py" complexity="0" line-rate="0.6753" branch-rate="0.4722">
					<methods/>
					<lines>
						<line number="3" hits="1"/>
						<line number="4" hits="1"/>
						<line number="5" hits="1"/>
						<line number="6" hits="1"/>
						<line number="7" hits="1"/>
						<line number="8" hits="1"/>
						<line number="9" hits="1"/>
						<line number="10" hits="1"/>
						<line number="11" hits="1"/>
						<line number="12" hits="1"/>
						<line number="13" hits="1"/>
						<line number="14" hits="1"/>
						<line number="15" hits="1"/>
						<line number="16" hits="1"/>
						<line number="17" hits="1"/>
						<line number="18" hits="1"/>
						<line number="19" hits="1"/>
						<line number="20" hits="1"/>
						<line number="21" hits="1"/>
						<line number="24" hits="1"/>
						<line number="50" hits="1"/>
						<line number="64" hits="1" branch="true" condition-coverage="100% (2/2)"/>
						<line number="65" hits="1"/>
						<line number="67" hits="1"/>
						<line number="68" hits="1"/>
						<line number="69" hits="1"/>
						<line number="70" hits="1"/>
						<line number="71" hits="1"/>
						<line number="72" hits="0"/>
						<line number="73" hits="0"/>
						<line number="74" hits="0"/>
						<line number="75" hits="0"/>
						<line number="76" hits="1"/>
						<line number="77" hits="1"/>
						<line number="80" hits="1" branch="true" condition-coverage="50% (1/2)" missing-branches="88"/>
						<line number="81" hits="1"/>
						<line number="82" hits="1" branch="true" condition-coverage="50% (1/2)" missing-branches="83"/>
						<line number="83" hits="0"/>
						<line number="85" hits="1"/>
						<line number="86" hits="1"/>
						<line number="88" hits="0"/>
						<line number="89" hits="0"/>
						<line number="90" hits="1"/>
						<line number="91" hits="1"/>
						<line number="92" hits="1"/>
						<line number="93" hits="1"/>
						<line number="95" hits="1"/>
						<line number="104" hits="1"/>
						<line number="105" hits="1"/>
						<line number="106" hits="1"/>
						<line number="107" hits="1"/>
						<line number="108" hits="1"/>
						<line number="109" hits="1"/>
						<line number="110" hits="1" branch="true" condition-coverage="50% (1/2)" missing-branches="123"/>
						<line number="111" hits="1"/>
						<line number="112" hits="1" branch="true" condition-coverage="50% (1/2)" missing-branches="121"/>
						<line number="113" hits="1"/>
						<line number="120" hits="1"/>
						<line number="121" hits="0"/>
						<line number="122" hits="0"/>
						<line number="123" hits="0"/>
						<line number="125" hits="1"/>
						<line number="139" hits="1"/>
						<line number="140" hits="1"/>
						<line number="142" hits="1"/>
						<line number="162" hits="0"/>
						<line number="163" hits="0" branch="true" condition-coverage="0% (0/2)" missing-branches="164,174"/>
						<line number="164" hits="0" branch="true" condition-coverage="0% (0/2)" missing-branches="165,168"/>
						<line number="165" hits="0"/>
						<line number="166" hits="0"/>
						<line number="168" hits="0"/>
						<line number="170" hits="0"/>
						<line number="171" hits="0"/>
						<line number="172" hits="0"/>
						<line number="174" hits="0"/>
						<line number="176" hits="0"/>
						<line number="177" hits="0"/>
						<line number="179" hits="0"/>
						<line number="181" hits="1"/>
						<line number="187" hits="1"/>
						<line number="188" hits="1"/>
						<line number="189" hits="1"/>
						<line number="190" hits="1"/>
						<line number="191" hits="1"/>
						<line number="192" hits="1"/>
						<line number="193" hits="1"/>
						<line number="194" hits="1"/>
						<line number="195" hits="1"/>
						<line number="196" hits="1"/>
						<line number="198" hits="1"/>
						<line number="212" hits="1" branch="true" condition-coverage="50% (1/2)" missing-branches="214"/>
						<line number="213" hits="1"/>
						<line number="214" hits="0"/>
						<line number="215" hits="0"/>
						<line number="216" hits="0"/>
						<line number="217" hits="0" branch="true" condition-coverage="0% (0/2)" missing-branches="218,219"/>
						<line number="218" hits="0"/>
						<line number="219" hits="0"/>
						<line number="221" hits="1"/>
						<line number="227" hits="1"/>
						<line number="228" hits="1" branch="true" condition-coverage="50% (1/2)" missing-branches="234"/>
						<line number="233" hits="1"/>
						<line number="234" hits="0"/>
						<line number="237" hits="0"/>
						<line number="238" hits="0"/>
						<line number="239" hits="0"/>
						<line number="240" hits="0"/>
						<line number="241" hits="0"/>
						<line number="242" hits="0"/>
						<line number="244" hits="1"/>
						<line number="253" hits="1"/>
						<line number="254" hits="1" branch="true" condition-coverage="100% (2/2)"/>
						<line number="255" hits="1" branch="true" condition-coverage="50% (1/2)" missing-branches="256"/>
						<line number="256" hits="0"/>
						<line number="257" hits="1"/>
						<line number="258" hits="1" branch="true" condition-coverage="50% (1/2)" missing-branches="259"/>
						<line number="259" hits="0"/>
						<line number="260" hits="1"/>
						<line number="262" hits="1"/>
						<line number="268" hits="1"/>
						<line number="270" hits="1"/>
						<line number="283" hits="0"/>
						<line number="284" hits="0" branch="true" condition-coverage="0% (0/2)" missing-branches="285,286"/>
						<line number="285" hits="0"/>
						<line number="286" hits="0" branch="true" condition-coverage="0% (0/2)" missing-branches="287,288"/>
						<line number="287" hits="0"/>
						<line number="288" hits="0"/>
						<line number="289" hits="0"/>
						<line number="299" hits="0"/>
						<line number="301" hits="1"/>
						<line number="303" hits="0"/>
						<line number="304" hits="0"/>
						<line number="305" hits="0"/>
						<line number="307" hits="1"/>
						<line number="313" hits="1"/>
						<line number="314" hits="1"/>
						<line number="315" hits="1"/>
						<line number="316" hits="1"/>
						<line number="318" hits="1"/>
						<line number="327" hits="1"/>
						<line number="329" hits="1"/>
						<line number="354" hits="1"/>
						<line number="355" hits="1" branch="true" condition-coverage="100% (2/2)"/>
						<line number="356" hits="1"/>
						<line number="357" hits="1"/>
						<line number="358" hits="1"/>
						<line number="360" hits="1"/>
						<line number="362" hits="1"/>
						<line number="368" hits="1" branch="true" condition-coverage="50% (1/2)" missing-branches="369"/>
						<line number="369" hits="0"/>
						<line number="370" hits="1" branch="true" condition-coverage="100% (2/2)"/>
						<line number="371" hits="1"/>
						<line number="373" hits="1"/>
						<line number="374" hits="1"/>
					</lines>
				</class>
			</classes>
		</package>
		<package name="colour_layer" line-rate="0.2463" branch-rate="0.05319" complexity="0">
			<classes>
				<class name="__init__.py" filename="colour_layer/__init__.py" complexity="0" line-rate="1" branch-rate="1">
					<methods/>
					<lines>
						<line number="3" hits="1"/>
						<line number="5" hits="1"/>
					</lines>
				</class>
				<class name="colour_layer.py" filename="colour_layer/colour_layer.py" complexity="0" line-rate="0.2426" branch-rate="0.05319">
					<methods/>
					<lines>
						<line number="7" hits="1"/>
						<line number="8" hits="1"/>
						<line number="9" hits="1"/>
						<line number="10" hits="1"/>
						<line number="11" hits="1"/>
						<line number="12" hits="1"/>
						<line number="13" hits="1"/>
						<line number="14" hits="1"/>
						<line number="15" hits="1"/>
						<line number="16" hits="1"/>
						<line number="17" hits="1"/>
						<line number="18" hits="1"/>
						<line number="19" hits="1"/>
						<line number="20" hits="1"/>
						<line number="21" hits="1"/>
						<line number="22" hits="1"/>
						<line number="23" hits="1"/>
						<line number="24" hits="1"/>
						<line number="25" hits="1"/>
						<line number="26" hits="1"/>
						<line number="27" hits="1"/>
						<line number="28" hits="1"/>
						<line number="29" hits="1"/>
						<line number="30" hits="1"/>
						<line number="31" hits="1"/>
						<line number="32" hits="1"/>
						<line number="33" hits="1"/>
						<line number="34" hits="1"/>
						<line number="35" hits="1"/>
						<line number="36" hits="1"/>
						<line number="37" hits="1"/>
						<line number="38" hits="1"/>
						<line number="39" hits="1"/>
						<line number="40" hits="1"/>
						<line number="41" hits="1"/>
						<line number="42" hits="1"/>
						<line number="43" hits="1"/>
						<line number="44" hits="1"/>
						<line number="45" hits="1"/>
						<line number="46" hits="1"/>
						<line number="49" hits="1"/>
						<line number="76" hits="1"/>
						<line number="91" hits="1"/>
						<line number="103" hits="1"/>
						<line number="104" hits="1"/>
						<line number="105" hits="1"/>
						<line number="106" hits="1"/>
						<line number="107" hits="1"/>
						<line number="109" hits="1"/>
						<line number="110" hits="1"/>
						<line number="125" hits="1"/>
						<line number="126" hits="1"/>
						<line number="127" hits="1" branch="true" condition-coverage="50% (1/2)" missing-branches="128"/>
						<line number="128" hits="0"/>
						<line number="129" hits="0"/>
						<line number="130" hits="1"/>
						<line number="131" hits="1"/>
						<line number="132" hits="1" branch="true" condition-coverage="50% (1/2)" missing-branches="133"/>
						<line number="133" hits="0"/>
						<line number="134" hits="0"/>
						<line number="135" hits="0"/>
						<line number="136" hits="0"/>
						<line number="138" hits="1"/>
						<line number="140" hits="1"/>
						<line number="141" hits="1"/>
						<line number="153" hits="1" branch="true" condition-coverage="50% (1/2)" missing-branches="154"/>
						<line number="154" hits="0"/>
						<line number="155" hits="1" branch="true" condition-coverage="50% (1/2)" missing-branches="156"/>
						<line number="156" hits="0"/>
						<line number="157" hits="0"/>
						<line number="158" hits="0"/>
						<line number="159" hits="0"/>
						<line number="160" hits="1" branch="true" condition-coverage="50% (1/2)" missing-branches="161"/>
						<line number="161" hits="0"/>
						<line number="162" hits="1"/>
						<line number="164" hits="1"/>
						<line number="165" hits="1"/>
						<line number="181" hits="0"/>
						<line number="182" hits="0"/>
						<line number="183" hits="0"/>
						<line number="184" hits="0"/>
						<line number="185" hits="0"/>
						<line number="186" hits="0"/>
						<line number="187" hits="0"/>
						<line number="189" hits="1"/>
						<line number="190" hits="1"/>
						<line number="205" hits="0"/>
						<line number="206" hits="0"/>
						<line number="207" hits="0"/>
						<line number="208" hits="0"/>
						<line number="209" hits="0"/>
						<line number="210" hits="0"/>
						<line number="213" hits="0"/>
						<line number="214" hits="0"/>
						<line number="215" hits="0"/>
						<line number="216" hits="0"/>
						<line number="218" hits="1"/>
						<line number="219" hits="1"/>
						<line number="238" hits="0"/>
						<line number="239" hits="0"/>
						<line number="240" hits="0"/>
						<line number="241" hits="0"/>
						<line number="242" hits="0"/>
						<line number="243" hits="0"/>
						<line number="244" hits="0"/>
						<line number="245" hits="0" branch="true" condition-coverage="0% (0/2)" missing-branches="246,247"/>
						<line number="246" hits="0"/>
						<line number="247" hits="0" branch="true" condition-coverage="0% (0/2)" missing-branches="248,249"/>
						<line number="248" hits="0"/>
						<line number="249" hits="0"/>
						<line number="250" hits="0"/>
						<line number="253" hits="0"/>
						<line number="254" hits="0"/>
						<line number="255" hits="0"/>
						<line number="257" hits="0"/>
						<line number="259" hits="1"/>
						<line number="260" hits="1"/>
						<line number="279" hits="0"/>
						<line number="280" hits="0"/>
						<line number="281" hits="0"/>
						<line number="282" hits="0"/>
						<line number="284" hits="0" branch="true" condition-coverage="0% (0/2)" missing-branches="285,288"/>
						<line number="285" hits="0"/>
						<line number="286" hits="0"/>
						<line number="288" hits="0"/>
						<line number="289" hits="0"/>
						<line number="290" hits="0"/>
						<line number="291" hits="0"/>
						<line number="292" hits="0"/>
						<line number="293" hits="0"/>
						<line number="295" hits="1"/>
						<line number="296" hits="1"/>
						<line number="315" hits="0"/>
						<line number="316" hits="0"/>
						<line number="317" hits="0"/>
						<line number="318" hits="0"/>
						<line number="319" hits="0"/>
						<line number="320" hits="0"/>
						<line number="321" hits="0" branch="true" condition-coverage="0% (0/2)" missing-branches="322,323"/>
						<line number="322" hits="0"/>
						<line number="323" hits="0" branch="true" condition-coverage="0% (0/2)" missing-branches="324,336"/>
						<line number="324" hits="0" branch="true" condition-coverage="0% (0/2)" missing-branches="325,326"/>
						<line number="325" hits="0"/>
						<line number="326" hits="0" branch="true" condition-coverage="0% (0/2)" missing-branches="327,328"/>
						<line number="327" hits="0"/>
						<line number="328" hits="0"/>
						<line number="329" hits="0"/>
						<line number="330" hits="0"/>
						<line number="331" hits="0"/>
						<line number="332" hits="0"/>
						<line number="336" hits="0"/>
						<line number="337" hits="0"/>
						<line number="338" hits="0" branch="true" condition-coverage="0% (0/2)" missing-branches="339,343"/>
						<line number="339" hits="0"/>
						<line number="340" hits="0"/>
						<line number="341" hits="0"/>
						<line number="342" hits="0"/>
						<line number="343" hits="0"/>
						<line number="345" hits="1"/>
						<line number="346" hits="1"/>
						<line number="361" hits="0"/>
						<line number="362" hits="0"/>
						<line number="363" hits="0"/>
						<line number="364" hits="0" branch="true" condition-coverage="0% (0/2)" missing-branches="365,370"/>
						<line number="365" hits="0" branch="true" condition-coverage="0% (0/2)" missing-branches="366,368"/>
						<line number="366" hits="0"/>
						<line number="367" hits="0"/>
						<line number="368" hits="0"/>
						<line number="370" hits="0"/>
						<line number="371" hits="0"/>
						<line number="372" hits="0"/>
						<line number="373" hits="0"/>
						<line number="374" hits="0"/>
						<line number="375" hits="0"/>
						<line number="377" hits="1"/>
						<line number="378" hits="1"/>
						<line number="397" hits="0"/>
						<line number="398" hits="0"/>
						<line number="399" hits="0"/>
						<line number="400" hits="0" branch="true" condition-coverage="0% (0/2)" missing-branches="401,407"/>
						<line number="401" hits="0" branch="true" condition-coverage="0% (0/2)" missing-branches="402,403"/>
						<line number="402" hits="0"/>
						<line number="403" hits="0"/>
						<line number="404" hits="0"/>
						<line number="405" hits="0"/>
						<line number="407" hits="0" branch="true" condition-coverage="0% (0/2)" missing-branches="408,409"/>
						<line number="408" hits="0"/>
						<line number="409" hits="0" branch="true" condition-coverage="0% (0/2)" missing-branches="410,414"/>
						<line number="410" hits="0"/>
						<line number="411" hits="0"/>
						<line number="412" hits="0"/>
						<line number="414" hits="0"/>
						<line number="415" hits="0"/>
						<line number="416" hits="0"/>
						<line number="417" hits="0"/>
						<line number="419" hits="0"/>
						<line number="422" hits="0"/>
						<line number="426" hits="0"/>
						<line number="427" hits="0" branch="true" condition-coverage="0% (0/2)" missing-branches="428,429"/>
						<line number="428" hits="0"/>
						<line number="429" hits="0" branch="true" condition-coverage="0% (0/2)" missing-branches="430,433"/>
						<line number="430" hits="0"/>
						<line number="433" hits="0"/>
						<line number="435" hits="0"/>
						<line number="446" hits="0"/>
						<line number="447" hits="0"/>
						<line number="448" hits="0"/>
						<line number="453" hits="0" branch="true" condition-coverage="0% (0/2)" missing-branches="454,455"/>
						<line number="454" hits="0"/>
						<line number="455" hits="0"/>
						<line number="457" hits="1"/>
						<line number="458" hits="1"/>
						<line number="471" hits="0"/>
						<line number="472" hits="0"/>
						<line number="473" hits="0"/>
						<line number="474" hits="0" branch="true" condition-coverage="0% (0/2)" missing-branches="475,540"/>
						<line number="475" hits="0"/>
						<line number="476" hits="0"/>
						<line number="478" hits="0"/>
						<line number="480" hits="0" branch="true" condition-coverage="0% (0/2)" missing-branches="481,486"/>
						<line number="481" hits="0"/>
						<line number="482" hits="0" branch="true" condition-coverage="0% (0/2)" missing-branches="480,483"/>
						<line number="483" hits="0"/>
						<line number="484" hits="0"/>
						<line number="486" hits="0"/>
						<line number="488" hits="0"/>
						<line number="490" hits="0" branch="true" condition-coverage="0% (0/2)" missing-branches="491,493"/>
						<line number="491" hits="0"/>
						<line number="493" hits="0"/>
						<line number="495" hits="0"/>
						<line number="496" hits="0"/>
						<line number="498" hits="0"/>
						<line number="500" hits="0"/>
						<line number="501" hits="0"/>
						<line number="504" hits="0" branch="true" condition-coverage="0% (0/2)" missing-branches="505,518"/>
						<line number="505" hits="0"/>
						<line number="506" hits="0"/>
						<line number="518" hits="0"/>
						<line number="533" hits="0"/>
						<line number="536" hits="0"/>
						<line number="537" hits="0"/>
						<line number="538" hits="0"/>
						<line number="540" hits="0"/>
						<line number="548" hits="0"/>
						<line number="549" hits="0"/>
						<line number="551" hits="1"/>
						<line number="552" hits="1"/>
						<line number="564" hits="0" branch="true" condition-coverage="0% (0/2)" missing-branches="565,567"/>
						<line number="565" hits="0"/>
						<line number="566" hits="0"/>
						<line number="567" hits="0" branch="true" condition-coverage="0% (0/2)" missing-branches="568,570"/>
						<line number="568" hits="0"/>
						<line number="569" hits="0"/>
						<line number="570" hits="0"/>
						<line number="571" hits="0"/>
						<line number="572" hits="0"/>
						<line number="574" hits="1"/>
						<line number="575" hits="1"/>
						<line number="589" hits="0" branch="true" condition-coverage="0% (0/2)" missing-branches="590,600"/>
						<line number="590" hits="0"/>
						<line number="591" hits="0"/>
						<line number="592" hits="0"/>
						<line number="593" hits="0"/>
						<line number="594" hits="0" branch="true" condition-coverage="0% (0/2)" missing-branches="595,613"/>
						<line number="595" hits="0"/>
						<line number="596" hits="0"/>
						<line number="597" hits="0" branch="true" condition-coverage="0% (0/2)" missing-branches="594,598"/>
						<line number="598" hits="0"/>
						<line number="600" hits="0"/>
						<line number="601" hits="0"/>
						<line number="602" hits="0"/>
						<line number="603" hits="0"/>
						<line number="604" hits="0"/>
						<line number="605" hits="0"/>
						<line number="607" hits="0" branch="true" condition-coverage="0% (0/2)" missing-branches="608,613"/>
						<line number="608" hits="0"/>
						<line number="609" hits="0"/>
						<line number="610" hits="0"/>
						<line number="611" hits="0" branch="true" condition-coverage="0% (0/2)" missing-branches="607,612"/>
						<line number="612" hits="0"/>
						<line number="613" hits="0"/>
						<line number="614" hits="0"/>
						<line number="616" hits="1"/>
						<line number="617" hits="1"/>
						<line number="628" hits="0"/>
						<line number="629" hits="0"/>
						<line number="630" hits="0"/>
						<line number="631" hits="0"/>
						<line number="632" hits="0"/>
						<line number="634" hits="0"/>
						<line number="635" hits="0"/>
						<line number="636" hits="0"/>
						<line number="638" hits="0"/>
						<line number="639" hits="0"/>
						<line number="640" hits="0"/>
						<line number="642" hits="0"/>
						<line number="644" hits="1"/>
						<line number="645" hits="1"/>
						<line number="672" hits="0" branch="true" condition-coverage="0% (0/2)" missing-branches="674,715"/>
						<line number="674" hits="0"/>
						<line number="675" hits="0"/>
						<line number="676" hits="0"/>
						<line number="679" hits="0" branch="true" condition-coverage="0% (0/2)" missing-branches="680,693"/>
						<line number="680" hits="0"/>
						<line number="681" hits="0"/>
						<line number="682" hits="0"/>
						<line number="683" hits="0"/>
						<line number="685" hits="0"/>
						<line number="686" hits="0" branch="true" condition-coverage="0% (0/2)" missing-branches="687,689"/>
						<line number="687" hits="0"/>
						<line number="689" hits="0"/>
						<line number="690" hits="0"/>
						<line number="693" hits="0"/>
						<line number="694" hits="0"/>
						<line number="697" hits="0" branch="true" condition-coverage="0% (0/2)" missing-branches="698,705"/>
						<line number="698" hits="0"/>
						<line number="699" hits="0"/>
						<line number="701" hits="0"/>
						<line number="702" hits="0"/>
						<line number="705" hits="0"/>
						<line number="706" hits="0"/>
						<line number="707" hits="0"/>
						<line number="710" hits="0"/>
						<line number="711" hits="0"/>
						<line number="712" hits="0"/>
						<line number="715" hits="0"/>
						<line number="717" hits="0"/>
						<line number="719" hits="1"/>
						<line number="720" hits="1"/>
						<line number="740" hits="0" branch="true" condition-coverage="0% (0/2)" missing-branches="741,773"/>
						<line number="741" hits="0"/>
						<line number="742" hits="0"/>
						<line number="745" hits="0" branch="true" condition-coverage="0% (0/2)" missing-branches="746,754"/>
						<line number="746" hits="0" branch="true" condition-coverage="0% (0/2)" missing-branches="745,747"/>
						<line number="747" hits="0"/>
						<line number="748" hits="0"/>
						<line number="749" hits="0"/>
						<line number="750" hits="0"/>
						<line number="751" hits="0"/>
						<line number="754" hits="0"/>
						<line number="757" hits="0"/>
						<line number="760" hits="0"/>
						<line number="761" hits="0"/>
						<line number="762" hits="0"/>
						<line number="763" hits="0"/>
						<line number="766" hits="0"/>
						<line number="768" hits="0"/>
						<line number="769" hits="0"/>
						<line number="770" hits="0"/>
						<line number="771" hits="0"/>
						<line number="772" hits="0"/>
						<line number="773" hits="0"/>
						<line number="774" hits="0"/>
						<line number="776" hits="1"/>
						<line number="777" hits="1"/>
						<line number="791" hits="0" branch="true" condition-coverage="0% (0/2)" missing-branches="792,798"/>
						<line number="792" hits="0" branch="true" condition-coverage="0% (0/2)" missing-branches="793,796"/>
						<line number="793" hits="0"/>
						<line number="794" hits="0"/>
						<line number="796" hits="0"/>
						<line number="797" hits="0"/>
						<line number="798" hits="0" branch="true" condition-coverage="0% (0/2)" missing-branches="799,805"/>
						<line number="799" hits="0" branch="true" condition-coverage="0% (0/2)" missing-branches="800,803"/>
						<line number="800" hits="0"/>
						<line number="801" hits="0"/>
						<line number="803" hits="0"/>
						<line number="804" hits="0"/>
						<line number="805" hits="0" branch="true" condition-coverage="0% (0/2)" missing-branches="806,821"/>
						<line number="806" hits="0" branch="true" condition-coverage="0% (0/2)" missing-branches="807,816"/>
						<line number="807" hits="0"/>
						<line number="808" hits="0"/>
						<line number="816" hits="0"/>
						<line number="817" hits="0"/>
						<line number="818" hits="0"/>
						<line number="819" hits="0"/>
						<line number="821" hits="0"/>
						<line number="822" hits="0"/>
						<line number="828" hits="0"/>
						<line number="829" hits="0"/>
						<line number="831" hits="1"/>
						<line number="832" hits="1"/>
						<line number="845" hits="0"/>
						<line number="846" hits="0"/>
						<line number="847" hits="0"/>
						<line number="848" hits="0"/>
						<line number="849" hits="0"/>
						<line number="850" hits="0"/>
						<line number="852" hits="1"/>
						<line number="853" hits="1"/>
						<line number="865" hits="0"/>
						<line number="866" hits="0"/>
						<line number="867" hits="0"/>
						<line number="868" hits="0"/>
						<line number="869" hits="0"/>
						<line number="870" hits="0"/>
						<line number="871" hits="0"/>
						<line number="873" hits="1"/>
						<line number="874" hits="1"/>
						<line number="887" hits="0"/>
						<line number="888" hits="0"/>
						<line number="891" hits="0"/>
						<line number="896" hits="0"/>
						<line number="897" hits="0"/>
						<line number="900" hits="1"/>
					</lines>
				</class>
			</classes>
		</package>
		<package name="config" line-rate="0.7786" branch-rate="0.5" complexity="0">
			<classes>
				<class name="__init__.py" filename="config/__init__.py" complexity="0" line-rate="1" branch-rate="1">
					<methods/>
					<lines/>
				</class>
				<class name="colour_params.py" filename="config/colour_params.py" complexity="0" line-rate="1" branch-rate="1">
					<methods/>
					<lines>
						<line number="7" hits="1"/>
						<line number="8" hits="1"/>
						<line number="11" hits="1"/>
						<line number="12" hits="1"/>
						<line number="15" hits="1"/>
						<line number="16" hits="1"/>
						<line number="17" hits="1"/>
						<line number="20" hits="1"/>
						<line number="21" hits="1"/>
						<line number="24" hits="1"/>
						<line number="25" hits="1"/>
						<line number="28" hits="1"/>
						<line number="29" hits="1"/>
						<line number="32" hits="1"/>
						<line number="33" hits="1"/>
						<line number="34" hits="1"/>
						<line number="37" hits="1"/>
						<line number="38" hits="1"/>
						<line number="41" hits="1"/>
						<line number="42" hits="1"/>
						<line number="43" hits="1"/>
						<line number="44" hits="1"/>
						<line number="45" hits="1"/>
						<line number="48" hits="1"/>
						<line number="49" hits="1"/>
						<line number="52" hits="1"/>
						<line number="53" hits="1"/>
						<line number="54" hits="1"/>
						<line number="57" hits="1"/>
						<line number="58" hits="1"/>
						<line number="61" hits="1"/>
						<line number="62" hits="1"/>
						<line number="63" hits="1"/>
						<line number="64" hits="1"/>
						<line number="65" hits="1"/>
						<line number="68" hits="1"/>
						<line number="69" hits="1"/>
						<line number="72" hits="1"/>
						<line number="73" hits="1"/>
						<line number="76" hits="1"/>
						<line number="77" hits="1"/>
						<line number="80" hits="1"/>
						<line number="81" hits="1"/>
						<line number="82" hits="1"/>
						<line number="83" hits="1"/>
						<line number="84" hits="1"/>
						<line number="85" hits="1"/>
						<line number="86" hits="1"/>
						<line number="87" hits="1"/>
						<line number="88" hits="1"/>
						<line number="89" hits="1"/>
						<line number="90" hits="1"/>
						<line number="91" hits="1"/>
						<line number="94" hits="1"/>
					</lines>
				</class>
				<class name="config.py" filename="config/config.py" complexity="0" line-rate="0.6854" branch-rate="0.5395">
					<methods/>
					<lines>
						<line number="3" hits="1"/>
						<line number="4" hits="1"/>
						<line number="5" hits="1"/>
						<line number="6" hits="1"/>
						<line number="7" hits="1"/>
						<line number="8" hits="1"/>
						<line number="9" hits="1"/>
						<line number="10" hits="1"/>
						<line number="11" hits="1"/>
						<line number="12" hits="1"/>
						<line number="13" hits="1"/>
						<line number="14" hits="1"/>
						<line number="15" hits="1"/>
						<line number="16" hits="1"/>
						<line number="17" hits="1"/>
						<line number="18" hits="1"/>
						<line number="19" hits="1"/>
						<line number="20" hits="1"/>
						<line number="22" hits="1"/>
						<line number="29" hits="1"/>
						<line number="31" hits="1"/>
						<line number="34" hits="1"/>
						<line number="42" hits="1"/>
						<line number="43" hits="1"/>
						<line number="44" hits="1"/>
						<line number="45" hits="1"/>
						<line number="46" hits="1" branch="true" condition-coverage="50% (1/2)" missing-branches="50"/>
						<line number="47" hits="1"/>
						<line number="48" hits="1"/>
						<line number="50" hits="0"/>
						<line number="51" hits="0"/>
						<line number="52" hits="0" branch="true" condition-coverage="0% (0/2)" missing-branches="53,54"/>
						<line number="53" hits="0"/>
						<line number="54" hits="0"/>
						<line number="55" hits="0"/>
						<line number="56" hits="0"/>
						<line number="57" hits="0"/>
						<line number="58" hits="1"/>
						<line number="59" hits="1"/>
						<line number="60" hits="1"/>
						<line number="61" hits="1" branch="true" condition-coverage="50% (1/2)" missing-branches="66"/>
						<line number="62" hits="1" branch="true" condition-coverage="50% (1/2)" missing-branches="64"/>
						<line number="63" hits="1"/>
						<line number="64" hits="1"/>
						<line number="66" hits="1"/>
						<line number="67" hits="1"/>
						<line number="68" hits="1"/>
						<line number="69" hits="1"/>
						<line number="70" hits="1"/>
						<line number="71" hits="1" branch="true" condition-coverage="50% (1/2)" missing-branches="78"/>
						<line number="72" hits="1"/>
						<line number="73" hits="1" branch="true" condition-coverage="100% (2/2)"/>
						<line number="74" hits="1"/>
						<line number="75" hits="1"/>
						<line number="76" hits="1"/>
						<line number="78" hits="0"/>
						<line number="79" hits="1"/>
						<line number="80" hits="1" branch="true" condition-coverage="50% (1/2)" missing-branches="81"/>
						<line number="81" hits="0"/>
						<line number="82" hits="0" branch="true" condition-coverage="0% (0/2)" missing-branches="exit,83"/>
						<line number="83" hits="0"/>
						<line number="84" hits="0"/>
						<line number="85" hits="0"/>
						<line number="87" hits="1"/>
						<line number="89" hits="1"/>
						<line number="95" hits="1"/>
						<line number="96" hits="1"/>
						<line number="97" hits="1"/>
						<line number="98" hits="1"/>
						<line number="99" hits="1"/>
						<line number="100" hits="1"/>
						<line number="101" hits="1" branch="true" condition-coverage="50% (1/2)" missing-branches="exit"/>
						<line number="102" hits="1"/>
						<line number="105" hits="1"/>
						<line number="116" hits="1"/>
						<line number="117" hits="1"/>
						<line number="118" hits="1"/>
						<line number="119" hits="1"/>
						<line number="120" hits="1"/>
						<line number="121" hits="1" branch="true" condition-coverage="50% (1/2)" missing-branches="122"/>
						<line number="122" hits="0"/>
						<line number="123" hits="0"/>
						<line number="124" hits="0"/>
						<line number="126" hits="1"/>
						<line number="127" hits="1"/>
						<line number="128" hits="1"/>
						<line number="131" hits="1"/>
						<line number="140" hits="1"/>
						<line number="146" hits="1"/>
						<line number="147" hits="1"/>
						<line number="149" hits="1" branch="true" condition-coverage="50% (1/2)" missing-branches="151"/>
						<line number="150" hits="1"/>
						<line number="151" hits="1" branch="true" condition-coverage="50% (1/2)" missing-branches="152"/>
						<line number="152" hits="0"/>
						<line number="153" hits="1" branch="true" condition-coverage="50% (1/2)" missing-branches="154"/>
						<line number="154" hits="0" branch="true" condition-coverage="0% (0/2)" missing-branches="155,158"/>
						<line number="155" hits="0"/>
						<line number="156" hits="0"/>
						<line number="158" hits="0" branch="true" condition-coverage="0% (0/2)" missing-branches="159,160"/>
						<line number="159" hits="0"/>
						<line number="160" hits="1" branch="true" condition-coverage="50% (1/2)" missing-branches="161"/>
						<line number="161" hits="0"/>
						<line number="162" hits="0"/>
						<line number="163" hits="0"/>
						<line number="165" hits="1"/>
						<line number="175" hits="1"/>
						<line number="176" hits="1"/>
						<line number="177" hits="1"/>
						<line number="178" hits="1"/>
						<line number="179" hits="1"/>
						<line number="180" hits="0"/>
						<line number="181" hits="0"/>
						<line number="182" hits="0"/>
						<line number="183" hits="0"/>
						<line number="184" hits="0"/>
						<line number="185" hits="0"/>
						<line number="186" hits="0"/>
						<line number="187" hits="0"/>
						<line number="188" hits="0"/>
						<line number="190" hits="1"/>
						<line number="191" hits="1"/>
						<line number="192" hits="1"/>
						<line number="194" hits="1"/>
						<line number="200" hits="1"/>
						<line number="201" hits="1"/>
						<line number="202" hits="1"/>
						<line number="203" hits="1"/>
						<line number="204" hits="1"/>
						<line number="205" hits="1" branch="true" condition-coverage="50% (1/2)" missing-branches="206"/>
						<line number="206" hits="0"/>
						<line number="207" hits="0" branch="true" condition-coverage="0% (0/2)" missing-branches="208,209"/>
						<line number="208" hits="0"/>
						<line number="209" hits="0"/>
						<line number="211" hits="1"/>
						<line number="220" hits="1" branch="true" condition-coverage="50% (1/2)" missing-branches="exit"/>
						<line number="221" hits="1" branch="true" condition-coverage="100% (2/2)"/>
						<line number="222" hits="1" branch="true" condition-coverage="100% (2/2)"/>
						<line number="223" hits="1" branch="true" condition-coverage="50% (1/2)" missing-branches="224"/>
						<line number="224" hits="0"/>
						<line number="225" hits="1"/>
						<line number="226" hits="1" branch="true" condition-coverage="50% (1/2)" missing-branches="227"/>
						<line number="227" hits="0"/>
						<line number="228" hits="1"/>
						<line number="229" hits="1"/>
						<line number="230" hits="1"/>
						<line number="232" hits="1"/>
						<line number="242" hits="1"/>
						<line number="243" hits="1" branch="true" condition-coverage="50% (1/2)" missing-branches="244"/>
						<line number="244" hits="0"/>
						<line number="246" hits="1"/>
						<line number="247" hits="1"/>
						<line number="248" hits="1" branch="true" condition-coverage="50% (1/2)" missing-branches="249"/>
						<line number="249" hits="0"/>
						<line number="250" hits="0"/>
						<line number="251" hits="0"/>
						<line number="252" hits="0"/>
						<line number="253" hits="0"/>
						<line number="254" hits="0"/>
						<line number="255" hits="0"/>
						<line number="256" hits="0"/>
						<line number="258" hits="1"/>
						<line number="273" hits="1" branch="true" condition-coverage="50% (1/2)" missing-branches="274"/>
						<line number="274" hits="0"/>
						<line number="275" hits="0"/>
						<line number="276" hits="0"/>
						<line number="277" hits="1"/>
						<line number="278" hits="1" branch="true" condition-coverage="100% (2/2)"/>
						<line number="279" hits="1"/>
						<line number="280" hits="1"/>
						<line number="281" hits="1" branch="true" condition-coverage="100% (2/2)"/>
						<line number="282" hits="1"/>
						<line number="283" hits="1" branch="true" condition-coverage="50% (1/2)" missing-branches="288"/>
						<line number="284" hits="1" branch="true" condition-coverage="100% (2/2)"/>
						<line number="285" hits="1"/>
						<line number="286" hits="1"/>
						<line number="288" hits="0"/>
						<line number="289" hits="0"/>
						<line number="290" hits="1"/>
						<line number="291" hits="1" branch="true" condition-coverage="100% (2/2)"/>
						<line number="292" hits="1"/>
						<line number="293" hits="1"/>
						<line number="294" hits="0"/>
						<line number="295" hits="0"/>
						<line number="296" hits="0"/>
						<line number="297" hits="0"/>
						<line number="298" hits="0"/>
						<line number="299" hits="0"/>
						<line number="300" hits="1"/>
						<line number="303" hits="1"/>
						<line number="309" hits="0"/>
						<line number="310" hits="0"/>
						<line number="311" hits="0"/>
						<line number="318" hits="1"/>
						<line number="327" hits="1" branch="true" condition-coverage="50% (1/2)" missing-branches="329"/>
						<line number="328" hits="1"/>
						<line number="329" hits="1"/>
						<line number="330" hits="1" branch="true" condition-coverage="50% (1/2)" missing-branches="338"/>
						<line number="331" hits="1"/>
						<line number="332" hits="1" branch="true" condition-coverage="50% (1/2)" missing-branches="333"/>
						<line number="333" hits="0"/>
						<line number="334" hits="1" branch="true" condition-coverage="50% (1/2)" missing-branches="335"/>
						<line number="335" hits="0"/>
						<line number="336" hits="1" branch="true" condition-coverage="100% (2/2)"/>
						<line number="337" hits="1"/>
						<line number="338" hits="1"/>
						<line number="340" hits="1"/>
						<line number="349" hits="1"/>
						<line number="350" hits="1" branch="true" condition-coverage="50% (1/2)" missing-branches="352"/>
						<line number="351" hits="1"/>
						<line number="352" hits="1" branch="true" condition-coverage="50% (1/2)" missing-branches="360"/>
						<line number="353" hits="1"/>
						<line number="360" hits="0"/>
						<line number="361" hits="1"/>
					</lines>
				</class>
				<class name="config_params.py" filename="config/config_params.py" complexity="0" line-rate="0.25" branch-rate="0">
					<methods/>
					<lines>
						<line number="3" hits="1"/>
						<line number="4" hits="1"/>
						<line number="6" hits="1"/>
						<line number="9" hits="1"/>
						<line number="27" hits="1"/>
						<line number="28" hits="0"/>
						<line number="29" hits="0"/>
						<line number="30" hits="0"/>
						<line number="31" hits="0"/>
						<line number="32" hits="0"/>
						<line number="33" hits="0"/>
						<line number="34" hits="0"/>
						<line number="35" hits="0"/>
						<line number="37" hits="1"/>
						<line number="57" hits="0"/>
						<line number="59" hits="0"/>
						<line number="60" hits="0"/>
						<line number="62" hits="0"/>
						<line number="64" hits="0" branch="true" condition-coverage="0% (0/2)" missing-branches="65,68"/>
						<line number="65" hits="0"/>
						<line number="66" hits="0"/>
						<line number="68" hits="0" branch="true" condition-coverage="0% (0/2)" missing-branches="69,70"/>
						<line number="69" hits="0"/>
						<line number="70" hits="0"/>
					</lines>
				</class>
				<class name="convert_params.py" filename="config/convert_params.py" complexity="0" line-rate="1" branch-rate="1">
					<methods/>
					<lines>
						<line number="7" hits="1"/>
						<line number="8" hits="1"/>
						<line number="11" hits="1"/>
						<line number="12" hits="1"/>
						<line number="15" hits="1"/>
						<line number="16" hits="1"/>
						<line number="19" hits="1"/>
						<line number="20" hits="1"/>
						<line number="23" hits="1"/>
						<line number="24" hits="1"/>
						<line number="25" hits="1"/>
						<line number="28" hits="1"/>
						<line number="29" hits="1"/>
						<line number="32" hits="1"/>
						<line number="33" hits="1"/>
						<line number="34" hits="1"/>
						<line number="35" hits="1"/>
						<line number="38" hits="1"/>
						<line number="39" hits="1"/>
						<line number="42" hits="1"/>
						<line number="43" hits="1"/>
						<line number="44" hits="1"/>
						<line number="45" hits="1"/>
						<line number="46" hits="1"/>
						<line number="49" hits="1"/>
						<line number="50" hits="1"/>
						<line number="53" hits="1"/>
						<line number="54" hits="1"/>
						<line number="55" hits="1"/>
						<line number="56" hits="1"/>
						<line number="57" hits="1"/>
						<line number="60" hits="1"/>
					</lines>
				</class>
				<class name="custom_params.py" filename="config/custom_params.py" complexity="0" line-rate="0.6667" branch-rate="0">
					<methods/>
					<lines>
						<line number="6" hits="1"/>
						<line number="9" hits="1"/>
						<line number="12" hits="1"/>
						<line number="13" hits="0" branch="true" condition-coverage="0% (0/2)" missing-branches="exit,14"/>
						<line number="14" hits="0"/>
						<line number="16" hits="1"/>
					</lines>
				</class>
				<class name="pipeline_params.py" filename="config/pipeline_params.py" complexity="0" line-rate="1" branch-rate="1">
					<methods/>
					<lines>
						<line number="6" hits="1"/>
						<line number="7" hits="1"/>
						<line number="8" hits="1"/>
						<line number="9" hits="1"/>
						<line number="10" hits="1"/>
						<line number="11" hits="1"/>
						<line number="13" hits="1"/>
					</lines>
				</class>
				<class name="position_params.py" filename="config/position_params.py" complexity="0" line-rate="1" branch-rate="1">
					<methods/>
					<lines>
						<line number="7" hits="1"/>
						<line number="8" hits="1"/>
						<line number="11" hits="1"/>
						<line number="12" hits="1"/>
						<line number="15" hits="1"/>
						<line number="16" hits="1"/>
						<line number="17" hits="1"/>
						<line number="18" hits="1"/>
						<line number="21" hits="1"/>
					</lines>
				</class>
				<class name="resample_params.py" filename="config/resample_params.py" complexity="0" line-rate="1" branch-rate="1">
					<methods/>
					<lines>
						<line number="7" hits="1"/>
						<line number="8" hits="1"/>
						<line number="11" hits="1"/>
						<line number="12" hits="1"/>
						<line number="15" hits="1"/>
						<line number="16" hits="1"/>
						<line number="17" hits="1"/>
						<line number="20" hits="1"/>
						<line number="21" hits="1"/>
						<line number="24" hits="1"/>
						<line number="25" hits="1"/>
						<line number="26" hits="1"/>
						<line number="29" hits="1"/>
						<line number="30" hits="1"/>
						<line number="33" hits="1"/>
						<line number="34" hits="1"/>
						<line number="37" hits="1"/>
						<line number="38" hits="1"/>
						<line number="41" hits="1"/>
						<line number="42" hits="1"/>
						<line number="43" hits="1"/>
						<line number="46" hits="1"/>
						<line number="47" hits="1"/>
						<line number="50" hits="1"/>
						<line number="51" hits="1"/>
						<line number="52" hits="1"/>
						<line number="53" hits="1"/>
						<line number="54" hits="1"/>
						<line number="57" hits="1"/>
						<line number="58" hits="1"/>
						<line number="61" hits="1"/>
						<line number="62" hits="1"/>
						<line number="65" hits="1"/>
						<line number="66" hits="1"/>
						<line number="69" hits="1"/>
						<line number="70" hits="1"/>
						<line number="73" hits="1"/>
						<line number="74" hits="1"/>
						<line number="77" hits="1"/>
						<line number="78" hits="1"/>
						<line number="79" hits="1"/>
						<line number="82" hits="1"/>
						<line number="83" hits="1"/>
						<line number="86" hits="1"/>
						<line number="87" hits="1"/>
						<line number="88" hits="1"/>
						<line number="89" hits="1"/>
						<line number="92" hits="1"/>
					</lines>
				</class>
			</classes>
		</package>
		<package name="convert_layer" line-rate="0.2781" branch-rate="0" complexity="0">
			<classes>
				<class name="__init__.py" filename="convert_layer/__init__.py" complexity="0" line-rate="1" branch-rate="1">
					<methods/>
					<lines>
						<line number="3" hits="1"/>
						<line number="5" hits="1"/>
					</lines>
				</class>
				<class name="convert_layer.py" filename="convert_layer/convert_layer.py" complexity="0" line-rate="0.2685" branch-rate="0">
					<methods/>
					<lines>
						<line number="7" hits="1"/>
						<line number="8" hits="1"/>
						<line number="9" hits="1"/>
						<line number="10" hits="1"/>
						<line number="11" hits="1"/>
						<line number="12" hits="1"/>
						<line number="13" hits="1"/>
						<line number="14" hits="1"/>
						<line number="15" hits="1"/>
						<line number="16" hits="1"/>
						<line number="17" hits="1"/>
						<line number="18" hits="1"/>
						<line number="19" hits="1"/>
						<line number="20" hits="1"/>
						<line number="21" hits="1"/>
						<line number="22" hits="1"/>
						<line number="23" hits="1"/>
						<line number="24" hits="1"/>
						<line number="25" hits="1"/>
						<line number="26" hits="1"/>
						<line number="27" hits="1"/>
						<line number="28" hits="1"/>
						<line number="29" hits="1"/>
						<line number="30" hits="1"/>
						<line number="31" hits="1"/>
						<line number="32" hits="1"/>
						<line number="35" hits="1"/>
						<line number="64" hits="1"/>
						<line number="80" hits="0"/>
						<line number="93" hits="0"/>
						<line number="94" hits="0"/>
						<line number="95" hits="0"/>
						<line number="96" hits="0"/>
						<line number="97" hits="0"/>
						<line number="99" hits="1"/>
						<line number="100" hits="1"/>
						<line number="111" hits="0"/>
						<line number="112" hits="0"/>
						<line number="114" hits="0" branch="true" condition-coverage="0% (0/2)" missing-branches="115,117"/>
						<line number="115" hits="0"/>
						<line number="116" hits="0"/>
						<line number="117" hits="0" branch="true" condition-coverage="0% (0/2)" missing-branches="118,120"/>
						<line number="118" hits="0"/>
						<line number="119" hits="0"/>
						<line number="120" hits="0" branch="true" condition-coverage="0% (0/2)" missing-branches="121,124"/>
						<line number="121" hits="0"/>
						<line number="122" hits="0"/>
						<line number="124" hits="0"/>
						<line number="125" hits="0"/>
						<line number="127" hits="0"/>
						<line number="129" hits="1"/>
						<line number="130" hits="1"/>
						<line number="146" hits="0"/>
						<line number="147" hits="0"/>
						<line number="149" hits="0"/>
						<line number="166" hits="0"/>
						<line number="167" hits="0"/>
						<line number="168" hits="0" branch="true" condition-coverage="0% (0/2)" missing-branches="169,170"/>
						<line number="169" hits="0"/>
						<line number="170" hits="0"/>
						<line number="171" hits="0" branch="true" condition-coverage="0% (0/2)" missing-branches="172,177"/>
						<line number="172" hits="0"/>
						<line number="173" hits="0"/>
						<line number="174" hits="0"/>
						<line number="175" hits="0"/>
						<line number="177" hits="0"/>
						<line number="179" hits="1"/>
						<line number="180" hits="1"/>
						<line number="194" hits="0"/>
						<line number="195" hits="0"/>
						<line number="196" hits="0" branch="true" condition-coverage="0% (0/2)" missing-branches="197,212"/>
						<line number="197" hits="0" branch="true" condition-coverage="0% (0/2)" missing-branches="198,200"/>
						<line number="198" hits="0"/>
						<line number="199" hits="0"/>
						<line number="200" hits="0"/>
						<line number="208" hits="0"/>
						<line number="209" hits="0"/>
						<line number="210" hits="0"/>
						<line number="211" hits="0"/>
						<line number="212" hits="0"/>
						<line number="214" hits="1"/>
						<line number="215" hits="1"/>
						<line number="229" hits="0"/>
						<line number="230" hits="0"/>
						<line number="237" hits="0"/>
						<line number="238" hits="0" branch="true" condition-coverage="0% (0/2)" missing-branches="239,246"/>
						<line number="239" hits="0" branch="true" condition-coverage="0% (0/2)" missing-branches="240,245"/>
						<line number="240" hits="0"/>
						<line number="241" hits="0"/>
						<line number="242" hits="0"/>
						<line number="243" hits="0"/>
						<line number="245" hits="0"/>
						<line number="246" hits="0" branch="true" condition-coverage="0% (0/2)" missing-branches="247,253"/>
						<line number="247" hits="0" branch="true" condition-coverage="0% (0/2)" missing-branches="248,250"/>
						<line number="248" hits="0"/>
						<line number="250" hits="0"/>
						<line number="251" hits="0"/>
						<line number="252" hits="0"/>
						<line number="253" hits="0"/>
						<line number="254" hits="0"/>
						<line number="255" hits="0"/>
						<line number="256" hits="0"/>
						<line number="257" hits="0"/>
						<line number="259" hits="1"/>
						<line number="260" hits="1"/>
						<line number="275" hits="0"/>
						<line number="276" hits="0"/>
						<line number="277" hits="0"/>
						<line number="278" hits="0"/>
						<line number="279" hits="0" branch="true" condition-coverage="0% (0/2)" missing-branches="280,282"/>
						<line number="280" hits="0"/>
						<line number="281" hits="0"/>
						<line number="282" hits="0" branch="true" condition-coverage="0% (0/2)" missing-branches="283,286"/>
						<line number="283" hits="0"/>
						<line number="284" hits="0"/>
						<line number="285" hits="0"/>
						<line number="286" hits="0" branch="true" condition-coverage="0% (0/2)" missing-branches="287,288"/>
						<line number="287" hits="0"/>
						<line number="288" hits="0"/>
						<line number="290" hits="0"/>
						<line number="291" hits="0"/>
						<line number="292" hits="0"/>
						<line number="293" hits="0"/>
						<line number="295" hits="0" branch="true" condition-coverage="0% (0/2)" missing-branches="296,306"/>
						<line number="296" hits="0"/>
						<line number="300" hits="0"/>
						<line number="301" hits="0"/>
						<line number="302" hits="0"/>
						<line number="303" hits="0"/>
						<line number="304" hits="0"/>
						<line number="305" hits="0"/>
						<line number="306" hits="0"/>
						<line number="307" hits="0"/>
						<line number="308" hits="0"/>
						<line number="309" hits="0"/>
						<line number="310" hits="0"/>
						<line number="312" hits="1"/>
						<line number="313" hits="1"/>
						<line number="325" hits="0" branch="true" condition-coverage="0% (0/2)" missing-branches="326,327"/>
						<line number="326" hits="0"/>
						<line number="327" hits="0" branch="true" condition-coverage="0% (0/2)" missing-branches="328,329"/>
						<line number="328" hits="0"/>
						<line number="329" hits="0" branch="true" condition-coverage="0% (0/2)" missing-branches="330,332"/>
						<line number="330" hits="0"/>
						<line number="331" hits="0"/>
						<line number="332" hits="0" branch="true" condition-coverage="0% (0/2)" missing-branches="333,335"/>
						<line number="333" hits="0"/>
						<line number="334" hits="0"/>
						<line number="335" hits="0"/>
					</lines>
				</class>
			</classes>
		</package>
		<package name="custom_layer" line-rate="0.2267" branch-rate="0" complexity="0">
			<classes>
				<class name="__init__.py" filename="custom_layer/__init__.py" complexity="0" line-rate="1" branch-rate="1">
					<methods/>
					<lines>
						<line number="3" hits="1"/>
						<line number="5" hits="1"/>
					</lines>
				</class>
				<class name="_custom_algorithm_example.py" filename="custom_layer/_custom_algorithm_example.py" complexity="0" line-rate="0" branch-rate="0">
					<methods/>
					<lines>
						<line number="3" hits="0"/>
						<line number="4" hits="0"/>
						<line number="5" hits="0"/>
						<line number="6" hits="0"/>
						<line number="7" hits="0"/>
						<line number="8" hits="0"/>
						<line number="11" hits="0"/>
						<line number="14" hits="0"/>
						<line number="20" hits="0" branch="true" condition-coverage="0% (0/2)" missing-branches="21,22"/>
						<line number="21" hits="0"/>
						<line number="22" hits="0"/>
						<line number="23" hits="0"/>
						<line number="24" hits="0"/>
						<line number="25" hits="0" branch="true" condition-coverage="0% (0/2)" missing-branches="26,27"/>
						<line number="26" hits="0"/>
						<line number="27" hits="0"/>
					</lines>
				</class>
				<class name="base_custom_algorithm.py" filename="custom_layer/base_custom_algorithm.py" complexity="0" line-rate="0" branch-rate="1">
					<methods/>
					<lines>
						<line number="3" hits="0"/>
						<line number="4" hits="0"/>
						<line number="5" hits="0"/>
						<line number="8" hits="0"/>
						<line number="16" hits="0"/>
						<line number="17" hits="0"/>
						<line number="18" hits="0"/>
						<line number="20" hits="0"/>
						<line number="27" hits="0"/>
						<line number="28" hits="0"/>
					</lines>
				</class>
				<class name="custom_layer.py" filename="custom_layer/custom_layer.py" complexity="0" line-rate="0.3191" branch-rate="0">
					<methods/>
					<lines>
						<line number="7" hits="1"/>
						<line number="8" hits="1"/>
						<line number="9" hits="1"/>
						<line number="10" hits="1"/>
						<line number="11" hits="1"/>
						<line number="12" hits="1"/>
						<line number="13" hits="1"/>
						<line number="14" hits="1"/>
						<line number="15" hits="1"/>
						<line number="16" hits="1"/>
						<line number="17" hits="1"/>
						<line number="20" hits="1"/>
						<line number="47" hits="1"/>
						<line number="62" hits="0"/>
						<line number="74" hits="0"/>
						<line number="76" hits="0"/>
						<line number="77" hits="0"/>
						<line number="78" hits="0"/>
						<line number="80" hits="1"/>
						<line number="93" hits="0"/>
						<line number="94" hits="0"/>
						<line number="95" hits="0"/>
						<line number="96" hits="0" branch="true" condition-coverage="0% (0/2)" missing-branches="97,99"/>
						<line number="97" hits="0"/>
						<line number="98" hits="0"/>
						<line number="99" hits="0" branch="true" condition-coverage="0% (0/2)" missing-branches="100,101"/>
						<line number="100" hits="0"/>
						<line number="101" hits="0"/>
						<line number="102" hits="0"/>
						<line number="103" hits="0"/>
						<line number="104" hits="0"/>
						<line number="105" hits="0"/>
						<line number="106" hits="0"/>
						<line number="107" hits="0"/>
						<line number="108" hits="0" branch="true" condition-coverage="0% (0/2)" missing-branches="109,111"/>
						<line number="109" hits="0"/>
						<line number="111" hits="0"/>
						<line number="112" hits="0" branch="true" condition-coverage="0% (0/2)" missing-branches="113,122"/>
						<line number="113" hits="0"/>
						<line number="114" hits="0"/>
						<line number="121" hits="0"/>
						<line number="122" hits="0"/>
						<line number="124" hits="1"/>
						<line number="135" hits="0"/>
						<line number="136" hits="0"/>
						<line number="137" hits="0"/>
						<line number="139" hits="0"/>
					</lines>
				</class>
			</classes>
		</package>
		<package name="investigation_layer" line-rate="0.9059" branch-rate="0.7273" complexity="0">
			<classes>
				<class name="__init__.py" filename="investigation_layer/__init__.py" complexity="0" line-rate="1" branch-rate="1">
					<methods/>
					<lines>
						<line number="3" hits="1"/>
						<line number="5" hits="1"/>
					</lines>
				</class>
				<class name="investigation_layer.py" filename="investigation_layer/investigation_layer.py" complexity="0" line-rate="0.9036" branch-rate="0.7273">
					<methods/>
					<lines>
						<line number="6" hits="1"/>
						<line number="7" hits="1"/>
						<line number="8" hits="1"/>
						<line number="9" hits="1"/>
						<line number="10" hits="1"/>
						<line number="11" hits="1"/>
						<line number="12" hits="1"/>
						<line number="13" hits="1"/>
						<line number="14" hits="1"/>
						<line number="17" hits="1"/>
						<line number="46" hits="1"/>
						<line number="62" hits="1"/>
						<line number="73" hits="1"/>
						<line number="74" hits="1"/>
						<line number="75" hits="1"/>
						<line number="76" hits="1"/>
						<line number="77" hits="1"/>
						<line number="79" hits="1"/>
						<line number="81" hits="1"/>
						<line number="82" hits="1" branch="true" condition-coverage="50% (1/2)" missing-branches="83"/>
						<line number="83" hits="0"/>
						<line number="84" hits="0"/>
						<line number="85" hits="1"/>
						<line number="86" hits="1"/>
						<line number="87" hits="1" branch="true" condition-coverage="50% (1/2)" missing-branches="88"/>
						<line number="88" hits="0"/>
						<line number="89" hits="1" branch="true" condition-coverage="50% (1/2)" missing-branches="91"/>
						<line number="90" hits="1"/>
						<line number="91" hits="1" branch="true" condition-coverage="100% (2/2)"/>
						<line number="92" hits="1"/>
						<line number="93" hits="1" branch="true" condition-coverage="100% (2/2)"/>
						<line number="94" hits="1"/>
						<line number="96" hits="1"/>
						<line number="98" hits="1"/>
						<line number="104" hits="1"/>
						<line number="105" hits="1" branch="true" condition-coverage="50% (1/2)" missing-branches="106"/>
						<line number="106" hits="0"/>
						<line number="109" hits="0"/>
						<line number="110" hits="0"/>
						<line number="111" hits="1"/>
						<line number="112" hits="1"/>
						<line number="113" hits="1"/>
						<line number="114" hits="1"/>
						<line number="115" hits="1"/>
						<line number="116" hits="1"/>
						<line number="117" hits="1"/>
						<line number="118" hits="1" branch="true" condition-coverage="100% (2/2)"/>
						<line number="119" hits="1"/>
						<line number="120" hits="1"/>
						<line number="121" hits="1"/>
						<line number="123" hits="1"/>
						<line number="125" hits="1"/>
						<line number="126" hits="1"/>
						<line number="127" hits="1"/>
						<line number="129" hits="1"/>
						<line number="130" hits="1"/>
						<line number="131" hits="1"/>
						<line number="132" hits="1"/>
						<line number="133" hits="1" branch="true" condition-coverage="50% (1/2)" missing-branches="136"/>
						<line number="134" hits="1"/>
						<line number="136" hits="1"/>
						<line number="137" hits="1"/>
						<line number="138" hits="1"/>
						<line number="139" hits="1"/>
						<line number="140" hits="1"/>
						<line number="142" hits="1"/>
						<line number="149" hits="1" branch="true" condition-coverage="100% (2/2)"/>
						<line number="150" hits="1"/>
						<line number="151" hits="1" branch="true" condition-coverage="50% (1/2)" missing-branches="152"/>
						<line number="152" hits="0"/>
						<line number="153" hits="0"/>
						<line number="154" hits="1" branch="true" condition-coverage="100% (2/2)"/>
						<line number="155" hits="1"/>
						<line number="157" hits="1"/>
						<line number="159" hits="1"/>
						<line number="166" hits="1"/>
						<line number="167" hits="1"/>
						<line number="168" hits="1"/>
						<line number="169" hits="1"/>
						<line number="170" hits="1"/>
						<line number="171" hits="1"/>
						<line number="172" hits="1"/>
						<line number="173" hits="1"/>
					</lines>
				</class>
			</classes>
		</package>
		<package name="metadata_parser" line-rate="0.5337" branch-rate="0.3261" complexity="0">
			<classes>
				<class name="__init__.py" filename="metadata_parser/__init__.py" complexity="0" line-rate="1" branch-rate="1">
					<methods/>
					<lines>
						<line number="3" hits="1"/>
						<line number="5" hits="1"/>
					</lines>
				</class>
				<class name="metadata_parser.py" filename="metadata_parser/metadata_parser.py" complexity="0" line-rate="0.5284" branch-rate="0.3261">
					<methods/>
					<lines>
						<line number="3" hits="1"/>
						<line number="4" hits="1"/>
						<line number="5" hits="1"/>
						<line number="6" hits="1"/>
						<line number="7" hits="1"/>
						<line number="8" hits="1"/>
						<line number="9" hits="1"/>
						<line number="10" hits="1"/>
						<line number="11" hits="1"/>
						<line number="12" hits="1"/>
						<line number="13" hits="1"/>
						<line number="14" hits="1"/>
						<line number="15" hits="1"/>
						<line number="16" hits="1"/>
						<line number="17" hits="1"/>
						<line number="18" hits="1"/>
						<line number="20" hits="1"/>
						<line number="23" hits="1"/>
						<line number="38" hits="1"/>
						<line number="47" hits="1"/>
						<line number="48" hits="1"/>
						<line number="49" hits="1"/>
						<line number="50" hits="1"/>
						<line number="51" hits="1"/>
						<line number="52" hits="1"/>
						<line number="53" hits="1"/>
						<line number="55" hits="1"/>
						<line number="56" hits="1"/>
						<line number="57" hits="1"/>
						<line number="59" hits="1"/>
						<line number="61" hits="1"/>
						<line number="63" hits="1"/>
						<line number="65" hits="1" branch="true" condition-coverage="100% (2/2)"/>
						<line number="66" hits="1"/>
						<line number="68" hits="1"/>
						<line number="74" hits="1"/>
						<line number="75" hits="1"/>
						<line number="76" hits="1" branch="true" condition-coverage="50% (1/2)" missing-branches="77"/>
						<line number="77" hits="0"/>
						<line number="78" hits="0" branch="true" condition-coverage="0% (0/2)" missing-branches="79,81"/>
						<line number="79" hits="0"/>
						<line number="81" hits="0"/>
						<line number="82" hits="0"/>
						<line number="83" hits="1"/>
						<line number="84" hits="1"/>
						<line number="86" hits="1"/>
						<line number="98" hits="0"/>
						<line number="106" hits="0"/>
						<line number="108" hits="1"/>
						<line number="117" hits="1" branch="true" condition-coverage="50% (1/2)" missing-branches="118"/>
						<line number="118" hits="0"/>
						<line number="119" hits="1" branch="true" condition-coverage="50% (1/2)" missing-branches="121"/>
						<line number="120" hits="1"/>
						<line number="121" hits="1" branch="true" condition-coverage="50% (1/2)" missing-branches="124"/>
						<line number="122" hits="1"/>
						<line number="124" hits="1"/>
						<line number="125" hits="1"/>
						<line number="127" hits="1"/>
						<line number="136" hits="1"/>
						<line number="137" hits="1"/>
						<line number="138" hits="1"/>
						<line number="139" hits="1"/>
						<line number="140" hits="1"/>
						<line number="141" hits="1"/>
						<line number="142" hits="1" branch="true" condition-coverage="50% (1/2)" missing-branches="143"/>
						<line number="143" hits="0"/>
						<line number="144" hits="1" branch="true" condition-coverage="50% (1/2)" missing-branches="145"/>
						<line number="145" hits="0"/>
						<line number="146" hits="1" branch="true" condition-coverage="50% (1/2)" missing-branches="148"/>
						<line number="147" hits="1"/>
						<line number="148" hits="1"/>
						<line number="150" hits="1"/>
						<line number="167" hits="1"/>
						<line number="168" hits="1"/>
						<line number="169" hits="1" branch="true" condition-coverage="50% (1/2)" missing-branches="175"/>
						<line number="170" hits="1" branch="true" condition-coverage="100% (2/2)"/>
						<line number="171" hits="1"/>
						<line number="172" hits="1"/>
						<line number="173" hits="1"/>
						<line number="174" hits="1"/>
						<line number="175" hits="0"/>
						<line number="176" hits="0" branch="true" condition-coverage="0% (0/2)" missing-branches="177,181"/>
						<line number="177" hits="0"/>
						<line number="178" hits="0"/>
						<line number="181" hits="0" branch="true" condition-coverage="0% (0/2)" missing-branches="182,184"/>
						<line number="182" hits="0"/>
						<line number="184" hits="0"/>
						<line number="185" hits="0"/>
						<line number="187" hits="1"/>
						<line number="199" hits="1"/>
						<line number="200" hits="1"/>
						<line number="201" hits="1"/>
						<line number="202" hits="0"/>
						<line number="203" hits="0"/>
						<line number="204" hits="0"/>
						<line number="205" hits="1"/>
						<line number="206" hits="1"/>
						<line number="208" hits="1"/>
						<line number="214" hits="0"/>
						<line number="216" hits="0" branch="true" condition-coverage="0% (0/2)" missing-branches="217,220"/>
						<line number="217" hits="0"/>
						<line number="218" hits="0"/>
						<line number="220" hits="0" branch="true" condition-coverage="0% (0/2)" missing-branches="221,223"/>
						<line number="221" hits="0"/>
						<line number="222" hits="0"/>
						<line number="223" hits="0"/>
						<line number="224" hits="0"/>
						<line number="225" hits="0"/>
						<line number="226" hits="0"/>
						<line number="227" hits="0"/>
						<line number="228" hits="0"/>
						<line number="229" hits="0"/>
						<line number="230" hits="0"/>
						<line number="231" hits="0"/>
						<line number="232" hits="0"/>
						<line number="233" hits="0"/>
						<line number="234" hits="0"/>
						<line number="235" hits="0"/>
						<line number="236" hits="0"/>
						<line number="237" hits="0"/>
						<line number="238" hits="0"/>
						<line number="239" hits="0"/>
						<line number="241" hits="0" branch="true" condition-coverage="0% (0/2)" missing-branches="242,245"/>
						<line number="242" hits="0"/>
						<line number="243" hits="0"/>
						<line number="245" hits="0"/>
						<line number="246" hits="0"/>
						<line number="247" hits="0"/>
						<line number="249" hits="1"/>
						<line number="255" hits="1" branch="true" condition-coverage="50% (1/2)" missing-branches="256"/>
						<line number="256" hits="0"/>
						<line number="257" hits="0"/>
						<line number="258" hits="0"/>
						<line number="259" hits="0"/>
						<line number="261" hits="1" branch="true" condition-coverage="50% (1/2)" missing-branches="262"/>
						<line number="262" hits="0"/>
						<line number="263" hits="0"/>
						<line number="265" hits="1"/>
						<line number="266" hits="1"/>
						<line number="267" hits="1"/>
						<line number="268" hits="1"/>
						<line number="269" hits="0"/>
						<line number="270" hits="0"/>
						<line number="271" hits="1"/>
						<line number="272" hits="1" branch="true" condition-coverage="50% (1/2)" missing-branches="275"/>
						<line number="273" hits="1"/>
						<line number="274" hits="1"/>
						<line number="275" hits="1"/>
						<line number="277" hits="1"/>
						<line number="286" hits="0"/>
						<line number="287" hits="0" branch="true" condition-coverage="0% (0/2)" missing-branches="288,290"/>
						<line number="288" hits="0"/>
						<line number="289" hits="0"/>
						<line number="290" hits="0"/>
						<line number="291" hits="0"/>
						<line number="292" hits="0"/>
						<line number="293" hits="0"/>
						<line number="294" hits="0" branch="true" condition-coverage="0% (0/2)" missing-branches="295,304"/>
						<line number="295" hits="0"/>
						<line number="296" hits="0"/>
						<line number="297" hits="0"/>
						<line number="298" hits="0"/>
						<line number="299" hits="0"/>
						<line number="300" hits="0" branch="true" condition-coverage="0% (0/2)" missing-branches="301,302"/>
						<line number="301" hits="0"/>
						<line number="302" hits="0"/>
						<line number="304" hits="0"/>
						<line number="314" hits="1"/>
						<line number="320" hits="0"/>
						<line number="321" hits="0"/>
						<line number="323" hits="0"/>
						<line number="325" hits="1"/>
						<line number="326" hits="1"/>
						<line number="335" hits="0" branch="true" condition-coverage="0% (0/2)" missing-branches="336,337"/>
						<line number="336" hits="0"/>
						<line number="337" hits="0"/>
					</lines>
				</class>
			</classes>
		</package>
		<package name="open_layer" line-rate="0.5899" branch-rate="0.375" complexity="0">
			<classes>
				<class name="__init__.py" filename="open_layer/__init__.py" complexity="0" line-rate="1" branch-rate="1">
					<methods/>
					<lines>
						<line number="3" hits="1"/>
						<line number="5" hits="1"/>
					</lines>
				</class>
				<class name="open_layer.py" filename="open_layer/open_layer.py" complexity="0" line-rate="0.5852" branch-rate="0.375">
					<methods/>
					<lines>
						<line number="3" hits="1"/>
						<line number="4" hits="1"/>
						<line number="5" hits="1"/>
						<line number="6" hits="1"/>
						<line number="7" hits="1"/>
						<line number="8" hits="1"/>
						<line number="9" hits="1"/>
						<line number="10" hits="1"/>
						<line number="11" hits="1"/>
						<line number="12" hits="1"/>
						<line number="13" hits="1"/>
						<line number="14" hits="1"/>
						<line number="15" hits="1"/>
						<line number="16" hits="1"/>
						<line number="17" hits="1"/>
						<line number="18" hits="1"/>
						<line number="19" hits="1"/>
						<line number="20" hits="1"/>
						<line number="21" hits="1"/>
						<line number="22" hits="1"/>
						<line number="23" hits="1"/>
						<line number="24" hits="1"/>
						<line number="25" hits="1"/>
						<line number="26" hits="1"/>
						<line number="27" hits="1"/>
						<line number="28" hits="1"/>
						<line number="29" hits="1"/>
						<line number="30" hits="1"/>
						<line number="31" hits="1"/>
						<line number="32" hits="1"/>
						<line number="33" hits="1"/>
						<line number="34" hits="1"/>
						<line number="37" hits="1"/>
						<line number="61" hits="1"/>
						<line number="75" hits="1"/>
						<line number="87" hits="1"/>
						<line number="88" hits="1" branch="true" condition-coverage="50% (1/2)" missing-branches="90"/>
						<line number="89" hits="1"/>
						<line number="90" hits="1"/>
						<line number="91" hits="1"/>
						<line number="93" hits="1" branch="true" condition-coverage="50% (1/2)" missing-branches="96"/>
						<line number="94" hits="1"/>
						<line number="96" hits="0"/>
						<line number="97" hits="1"/>
						<line number="99" hits="1"/>
						<line number="101" hits="1" branch="true" condition-coverage="50% (1/2)" missing-branches="exit"/>
						<line number="102" hits="1"/>
[...]
						<line number="228" hits="1" branch="true" condition-coverage="50% (1/2)" missing-branches="229"/>
						<line number="229" hits="0"/>
						<line number="230" hits="0"/>
						<line number="231" hits="1"/>
						<line number="232" hits="1" branch="true" condition-coverage="100% (2/2)"/>
						<line number="233" hits="1"/>
						<line number="234" hits="1"/>
						<line number="236" hits="1"/>
						<line number="253" hits="1"/>
						<line number="254" hits="1"/>
						<line number="255" hits="1"/>
						<line number="256" hits="1" branch="true" condition-coverage="100% (2/2)"/>
						<line number="257" hits="1"/>
						<line number="259" hits="1"/>
						<line number="260" hits="1" branch="true" condition-coverage="100% (2/2)"/>
						<line number="261" hits="1"/>
						<line number="262" hits="1"/>
						<line number="264" hits="1"/>
						<line number="281" hits="1"/>
						<line number="282" hits="1"/>
						<line number="283" hits="1"/>
						<line number="284" hits="1"/>
						<line number="285" hits="1" branch="true" condition-coverage="100% (2/2)"/>
						<line number="286" hits="1"/>
						<line number="287" hits="1"/>
						<line number="289" hits="1"/>
						<line number="306" hits="1"/>
						<line number="307" hits="1"/>
						<line number="308" hits="1"/>
						<line number="309" hits="1"/>
						<line number="311" hits="1"/>
						<line number="312" hits="1" branch="true" condition-coverage="100% (2/2)"/>
						<line number="313" hits="1"/>
						<line number="314" hits="1"/>
						<line number="316" hits="1"/>
						<line number="333" hits="1"/>
						<line number="334" hits="1"/>
						<line number="335" hits="1" branch="true" condition-coverage="100% (2/2)"/>
						<line number="336" hits="1"/>
						<line number="338" hits="1" branch="true" condition-coverage="100% (2/2)"/>
						<line number="339" hits="1"/>
						<line number="341" hits="1"/>
						<line number="342" hits="1"/>
						<line number="355" hits="1"/>
						<line number="356" hits="1"/>
						<line number="358" hits="1"/>
						<line number="359" hits="1"/>
						<line number="360" hits="1" branch="true" condition-coverage="100% (2/2)"/>
						<line number="361" hits="1"/>
						<line number="362" hits="1"/>
						<line number="364" hits="1"/>
						<line number="381" hits="1"/>
						<line number="382" hits="1"/>
						<line number="383" hits="1" branch="true" condition-coverage="50% (1/2)" missing-branches="384"/>
						<line number="384" hits="0"/>
						<line number="385" hits="0"/>
						<line number="386" hits="0"/>
						<line number="387" hits="1"/>
						<line number="388" hits="1"/>
						<line number="389" hits="1" branch="true" condition-coverage="50% (1/2)" missing-branches="392"/>
						<line number="390" hits="1"/>
						<line number="392" hits="0"/>
						<line number="393" hits="1" branch="true" condition-coverage="50% (1/2)" missing-branches="394"/>
						<line number="394" hits="0"/>
						<line number="395" hits="1"/>
						<line number="396" hits="1" branch="true" condition-coverage="100% (2/2)"/>
						<line number="397" hits="1"/>
						<line number="398" hits="1"/>
						<line number="399" hits="1" branch="true" condition-coverage="100% (2/2)"/>
						<line number="400" hits="1"/>
						<line number="401" hits="1"/>
						<line number="403" hits="1" branch="true" condition-coverage="100% (2/2)"/>
						<line number="404" hits="1"/>
						<line number="405" hits="1" branch="true" condition-coverage="100% (2/2)"/>
						<line number="406" hits="1" branch="true" condition-coverage="100% (2/2)"/>
						<line number="407" hits="1"/>
						<line number="411" hits="1"/>
						<line number="414" hits="1"/>
						<line number="415" hits="1" branch="true" condition-coverage="100% (2/2)"/>
						<line number="416" hits="1"/>
						<line number="419" hits="1"/>
						<line number="421" hits="1"/>
						<line number="438" hits="1"/>
						<line number="439" hits="1"/>
						<line number="440" hits="1"/>
						<line number="441" hits="1"/>
						<line number="442" hits="1"/>
						<line number="443" hits="1"/>
						<line number="445" hits="1" branch="true" condition-coverage="100% (2/2)"/>
						<line number="446" hits="1"/>
						<line number="447" hits="1"/>
						<line number="457" hits="1"/>
						<line number="466" hits="1"/>
						<line number="467" hits="1"/>
						<line number="468" hits="1"/>
						<line number="469" hits="1" branch="true" condition-coverage="100% (2/2)"/>
						<line number="470" hits="1"/>
						<line number="471" hits="1"/>
						<line number="472" hits="1" branch="true" condition-coverage="100% (2/2)"/>
						<line number="473" hits="1" branch="true" condition-coverage="50% (1/2)" missing-branches="474"/>
						<line number="474" hits="0"/>
						<line number="476" hits="1"/>
						<line number="477" hits="1"/>
						<line number="478" hits="1"/>
						<line number="479" hits="1" branch="true" condition-coverage="100% (2/2)"/>
						<line number="480" hits="1"/>
						<line number="482" hits="1"/>
						<line number="483" hits="1"/>
						<line number="485" hits="1"/>
						<line number="486" hits="1"/>
						<line number="487" hits="1"/>
						<line number="488" hits="1"/>
						<line number="489" hits="1" branch="true" condition-coverage="100% (2/2)"/>
						<line number="490" hits="1"/>
						<line number="493" hits="1"/>
						<line number="495" hits="1"/>
						<line number="496" hits="1"/>
						<line number="497" hits="1" branch="true" condition-coverage="50% (1/2)" missing-branches="499"/>
						<line number="498" hits="1"/>
						<line number="499" hits="0" branch="true" condition-coverage="0% (0/2)" missing-branches="500,501"/>
						<line number="500" hits="0"/>
						<line number="501" hits="0" branch="true" condition-coverage="0% (0/2)" missing-branches="502,504"/>
						<line number="502" hits="0"/>
						<line number="504" hits="0"/>
						<line number="505" hits="1"/>
					</lines>
				</class>
			</classes>
		</package>
		<package name="utils" line-rate="0.5088" branch-rate="0.3289" complexity="0">
			<classes>
				<class name="__init__.py" filename="utils/__init__.py" complexity="0" line-rate="1" branch-rate="1">
					<methods/>
					<lines/>
				</class>
				<class name="data.py" filename="utils/data.py" complexity="0" line-rate="0.5111" branch-rate="0.2143">
					<methods/>
					<lines>
						<line number="3" hits="1"/>
						<line number="4" hits="1"/>
						<line number="5" hits="1"/>
						<line number="6" hits="1"/>
						<line number="7" hits="1"/>
						<line number="8" hits="1"/>
						<line number="9" hits="1"/>
						<line number="10" hits="1"/>
						<line number="12" hits="1"/>
						<line number="13" hits="1"/>
						<line number="14" hits="1"/>
						<line number="15" hits="1"/>
						<line number="16" hits="1"/>
						<line number="17" hits="1"/>
						<line number="18" hits="1"/>
						<line number="19" hits="1"/>
						<line number="20" hits="1"/>
						<line number="21" hits="1"/>
						<line number="22" hits="1"/>
						<line number="23" hits="1"/>
						<line number="24" hits="1"/>
						<line number="27" hits="1"/>
						<line number="28" hits="1"/>
						<line number="29" hits="1"/>
						<line number="31" hits="1"/>
						<line number="51" hits="1"/>
						<line number="54" hits="1"/>
						<line number="55" hits="1"/>
						<line number="57" hits="1"/>
						<line number="66" hits="1"/>
						<line number="67" hits="1"/>
						<line number="69" hits="1" branch="true" condition-coverage="50% (1/2)" missing-branches="71"/>
						<line number="70" hits="1"/>
						<line number="71" hits="0"/>
						<line number="73" hits="0"/>
						<line number="74" hits="0" branch="true" condition-coverage="0% (0/2)" missing-branches="75,77"/>
						<line number="75" hits="0"/>
						<line number="76" hits="0"/>
						<line number="77" hits="0"/>
						<line number="78" hits="0"/>
						<line number="80" hits="0"/>
						<line number="81" hits="0"/>
						<line number="82" hits="0"/>
						<line number="84" hits="0"/>
						<line number="86" hits="0"/>
						<line number="88" hits="1"/>
						<line number="94" hits="1" branch="true" condition-coverage="50% (1/2)" missing-branches="97"/>
						<line number="95" hits="1"/>
						<line number="96" hits="1"/>
						<line number="97" hits="0"/>
						<line number="99" hits="1"/>
						<line number="105" hits="0"/>
						<line number="106" hits="0"/>
						<line number="108" hits="1"/>
						<line number="122" hits="0"/>
						<line number="123" hits="0"/>
						<line number="125" hits="0"/>
						<line number="126" hits="0"/>
						<line number="127" hits="0"/>
						<line number="128" hits="0"/>
						<line number="130" hits="0"/>
						<line number="131" hits="0"/>
						<line number="132" hits="0"/>
						<line number="141" hits="0" branch="true" condition-coverage="0% (0/2)" missing-branches="142,145"/>
						<line number="142" hits="0"/>
						<line number="143" hits="0"/>
						<line number="145" hits="0"/>
						<line number="147" hits="0"/>
						<line number="149" hits="1"/>
						<line number="157" hits="0" branch="true" condition-coverage="0% (0/2)" missing-branches="158,172"/>
						<line number="158" hits="0"/>
						<line number="159" hits="0"/>
						<line number="160" hits="0"/>
						<line number="161" hits="0"/>
						<line number="162" hits="0" branch="true" condition-coverage="0% (0/2)" missing-branches="163,165"/>
						<line number="163" hits="0"/>
						<line number="164" hits="0"/>
						<line number="165" hits="0"/>
						<line number="166" hits="0"/>
						<line number="167" hits="0"/>
						<line number="168" hits="0"/>
						<line number="169" hits="0"/>
						<line number="170" hits="0"/>
						<line number="172" hits="0"/>
						<line number="174" hits="1"/>
						<line number="185" hits="1"/>
						<line number="186" hits="1"/>
						<line number="192" hits="1" branch="true" condition-coverage="50% (1/2)" missing-branches="195"/>
						<line number="193" hits="1"/>
						<line number="195" hits="1"/>
					</lines>
				</class>
				<class name="docker.py" filename="utils/docker.py" complexity="0" line-rate="1" branch-rate="1">
					<methods/>
					<lines>
						<line number="3" hits="1"/>
						<line number="6" hits="1"/>
						<line number="12" hits="1"/>
					</lines>
				</class>
				<class name="dynamic_classes.py" filename="utils/dynamic_classes.py" complexity="0" line-rate="1" branch-rate="1">
					<methods/>
					<lines>
						<line number="3" hits="1"/>
						<line number="4" hits="1"/>
						<line number="7" hits="1"/>
						<line number="10" hits="1"/>
						<line number="12" hits="1" branch="true" condition-coverage="100% (2/2)"/>
						<line number="13" hits="1"/>
						<line number="15" hits="1"/>
						<line number="25" hits="1"/>
						<line number="26" hits="1" branch="true" condition-coverage="100% (2/2)"/>
						<line number="27" hits="1" branch="true" condition-coverage="100% (2/2)"/>
						<line number="28" hits="1"/>
						<line number="29" hits="1" branch="true" condition-coverage="100% (2/2)"/>
						<line number="30" hits="1" branch="true" condition-coverage="100% (2/2)"/>
						<line number="31" hits="1"/>
						<line number="33" hits="1"/>
						<line number="34" hits="1"/>
						<line number="36" hits="1"/>
						<line number="48" hits="1" branch="true" condition-coverage="100% (2/2)"/>
						<line number="49" hits="1" branch="true" condition-coverage="100% (2/2)"/>
						<line number="50" hits="1"/>
						<line number="52" hits="1"/>
						<line number="53" hits="1" branch="true" condition-coverage="100% (2/2)"/>
						<line number="57" hits="1"/>
						<line number="58" hits="1" branch="true" condition-coverage="100% (2/2)"/>
						<line number="59" hits="1"/>
						<line number="65" hits="1"/>
						<line number="66" hits="1"/>
					</lines>
				</class>
				<class name="exceptions.py" filename="utils/exceptions.py" complexity="0" line-rate="0.5" branch-rate="1">
					<methods/>
					<lines>
						<line number="4" hits="1"/>
						<line number="10" hits="0"/>
					</lines>
				</class>
				<class name="install_packages.py" filename="utils/install_packages.py" complexity="0" line-rate="0.2941" branch-rate="0">
					<methods/>
					<lines>
						<line number="3" hits="1"/>
						<line number="4" hits="1"/>
						<line number="5" hits="1"/>
						<line number="6" hits="1"/>
						<line number="7" hits="1"/>
						<line number="8" hits="1"/>
						<line number="9" hits="1"/>
						<line number="11" hits="1"/>
						<line number="14" hits="1"/>
						<line number="25" hits="0"/>
						<line number="26" hits="0" branch="true" condition-coverage="0% (0/2)" missing-branches="27,28"/>
						<line number="27" hits="0"/>
						<line number="28" hits="0" branch="true" condition-coverage="0% (0/2)" missing-branches="29,36"/>
						<line number="29" hits="0"/>
						<line number="30" hits="0" branch="true" condition-coverage="0% (0/2)" missing-branches="31,33"/>
						<line number="31" hits="0"/>
						<line number="32" hits="0"/>
						<line number="33" hits="0"/>
						<line number="34" hits="0"/>
						<line number="35" hits="0"/>
						<line number="36" hits="0" branch="true" condition-coverage="0% (0/2)" missing-branches="exit,37"/>
						<line number="37" hits="0"/>
						<line number="38" hits="0" branch="true" condition-coverage="0% (0/2)" missing-branches="39,41"/>
						<line number="39" hits="0"/>
						<line number="40" hits="0"/>
						<line number="41" hits="0"/>
						<line number="42" hits="0" branch="true" condition-coverage="0% (0/2)" missing-branches="36,43"/>
						<line number="43" hits="0"/>
						<line number="46" hits="1"/>
						<line number="55" hits="0"/>
						<line number="56" hits="0"/>
						<line number="57" hits="0"/>
						<line number="58" hits="0"/>
						<line number="59" hits="0"/>
					</lines>
				</class>
				<class name="logging_functions.py" filename="utils/logging_functions.py" complexity="0" line-rate="0.7059" branch-rate="0">
					<methods/>
					<lines>
						<line number="3" hits="1"/>
						<line number="4" hits="1"/>
						<line number="5" hits="1"/>
						<line number="6" hits="1"/>
						<line number="7" hits="1"/>
						<line number="10" hits="1"/>
						<line number="13" hits="1"/>
						<line number="14" hits="1"/>
						<line number="15" hits="1"/>
						<line number="16" hits="1"/>
						<line number="19" hits="1"/>
						<line number="22" hits="1"/>
						<line number="29" hits="1"/>
						<line number="31" hits="1"/>
						<line number="40" hits="0"/>
						<line number="41" hits="0"/>
						<line number="42" hits="0"/>
						<line number="45" hits="1"/>
						<line number="56" hits="1"/>
						<line number="57" hits="1"/>
						<line number="63" hits="0"/>
						<line number="64" hits="0"/>
						<line number="65" hits="0"/>
						<line number="66" hits="1"/>
						<line number="67" hits="1"/>
						<line number="71" hits="1"/>
						<line number="73" hits="1"/>
						<line number="74" hits="1"/>
						<line number="76" hits="1"/>
						<line number="79" hits="1"/>
						<line number="89" hits="0" branch="true" condition-coverage="0% (0/2)" missing-branches="90,92"/>
						<line number="90" hits="0"/>
						<line number="91" hits="0"/>
						<line number="92" hits="0"/>
					</lines>
				</class>
				<class name="object_store.py" filename="utils/object_store.py" complexity="0" line-rate="0.3542" branch-rate="0.1">
					<methods/>
					<lines>
						<line number="3" hits="1"/>
						<line number="4" hits="1"/>
						<line number="5" hits="1"/>
						<line number="6" hits="1"/>
						<line number="7" hits="1"/>
						<line number="8" hits="1"/>
						<line number="9" hits="1"/>
						<line number="10" hits="1"/>
						<line number="12" hits="1"/>
						<line number="15" hits="1"/>
						<line number="24" hits="1"/>
						<line number="25" hits="1" branch="true" condition-coverage="50% (1/2)" missing-branches="26"/>
						<line number="26" hits="0"/>
						<line number="27" hits="0"/>
						<line number="28" hits="0"/>
						<line number="29" hits="0" branch="true" condition-coverage="0% (0/2)" missing-branches="30,33"/>
						<line number="30" hits="0"/>
						<line number="31" hits="0"/>
						<line number="33" hits="0"/>
						<line number="38" hits="0" branch="true" condition-coverage="0% (0/2)" missing-branches="39,40"/>
						<line number="39" hits="0"/>
						<line number="40" hits="1"/>
						<line number="43" hits="1"/>
						<line number="53" hits="0" branch="true" condition-coverage="0% (0/2)" missing-branches="54,59"/>
						<line number="54" hits="0"/>
						<line number="55" hits="0"/>
						<line number="56" hits="0"/>
						<line number="57" hits="0"/>
						<line number="58" hits="0"/>
						<line number="59" hits="0"/>
						<line number="60" hits="0"/>
						<line number="61" hits="0"/>
						<line number="64" hits="1"/>
						<line number="70" hits="0"/>
						<line number="71" hits="0"/>
						<line number="74" hits="1"/>
						<line number="82" hits="0"/>
						<line number="83" hits="0"/>
						<line number="84" hits="0"/>
						<line number="85" hits="0"/>
						<line number="86" hits="0"/>
						<line number="87" hits="0" branch="true" condition-coverage="0% (0/2)" missing-branches="exit,88"/>
						<line number="88" hits="0"/>
						<line number="89" hits="0"/>
						<line number="92" hits="1"/>
						<line number="100" hits="0"/>
						<line number="101" hits="0"/>
						<line number="102" hits="0"/>
					</lines>
				</class>
				<class name="parallellisation.py" filename="utils/parallellisation.py" complexity="0" line-rate="0.3556" branch-rate="0.15">
					<methods/>
					<lines>
						<line number="3" hits="1"/>
						<line number="4" hits="1"/>
						<line number="5" hits="1"/>
						<line number="6" hits="1"/>
						<line number="7" hits="1"/>
						<line number="8" hits="1"/>
						<line number="9" hits="1"/>
						<line number="12" hits="1"/>
						<line number="21" hits="1" branch="true" condition-coverage="50% (1/2)" missing-branches="22"/>
						<line number="22" hits="0"/>
						<line number="23" hits="1" branch="true" condition-coverage="50% (1/2)" missing-branches="24"/>
						<line number="24" hits="0"/>
						<line number="25" hits="1"/>
						<line number="28" hits="1"/>
						<line number="34" hits="0" branch="true" condition-coverage="0% (0/2)" missing-branches="exit,35"/>
						<line number="35" hits="0"/>
						<line number="36" hits="0"/>
						<line number="39" hits="1"/>
						<line number="49" hits="0"/>
						<line number="50" hits="0" branch="true" condition-coverage="0% (0/2)" missing-branches="51,54"/>
						<line number="51" hits="0"/>
						<line number="52" hits="0"/>
						<line number="53" hits="0"/>
						<line number="54" hits="0" branch="true" condition-coverage="0% (0/2)" missing-branches="55,58"/>
						<line number="55" hits="0"/>
						<line number="56" hits="0"/>
						<line number="57" hits="0"/>
						<line number="58" hits="0"/>
						<line number="59" hits="0"/>
						<line number="60" hits="0"/>
						<line number="61" hits="0" branch="true" condition-coverage="0% (0/2)" missing-branches="62,63"/>
						<line number="62" hits="0"/>
						<line number="63" hits="0"/>
						<line number="66" hits="1"/>
						<line number="76" hits="1" branch="true" condition-coverage="50% (1/2)" missing-branches="78"/>
						<line number="77" hits="1"/>
						<line number="78" hits="0"/>
						<line number="79" hits="0"/>
						<line number="80" hits="0" branch="true" condition-coverage="0% (0/2)" missing-branches="81,82"/>
						<line number="81" hits="0"/>
						<line number="82" hits="0" branch="true" condition-coverage="0% (0/2)" missing-branches="83,84"/>
						<line number="83" hits="0"/>
						<line number="84" hits="0" branch="true" condition-coverage="0% (0/2)" missing-branches="85,86"/>
						<line number="85" hits="0"/>
						<line number="86" hits="0"/>
					</lines>
				</class>
			</classes>
		</package>
	</packages>
</coverage>
